#
# A fatal error has been detected by the Java Runtime Environment:
#
#  EXCEPTION_ACCESS_VIOLATION (0xc0000005) at pc=0x00007ffc0f366a87, pid=14116, tid=9952
#
# JRE version: Java(TM) SE Runtime Environment (18.0.1+10) (build 18.0.1+10-24)
# Java VM: Java HotSpot(TM) 64-Bit Server VM (18.0.1+10-24, mixed mode, sharing, tiered, compressed oops, compressed class ptrs, g1 gc, windows-amd64)
# Problematic frame:
# C  [glass.dll+0x26a87]
#
# No core dump will be written. Minidumps are not enabled by default on client versions of Windows
#
# If you would like to submit a bug report, please visit:
#   https://bugreport.java.com/bugreport/crash.jsp
#

---------------  S U M M A R Y ------------

Command Line: -javaagent:C:\Java\IDE\IntelliJ IDEA Community Edition 2021.2.3\lib\idea_rt.jar=61626:C:\Java\IDE\IntelliJ IDEA Community Edition 2021.2.3\bin -Dfile.encoding=UTF-8 --module-path=C:\Java\Education\PetProjects\CryptoFX\target\classes;C:\Users\Home\.m2\repository\org\openjfx\javafx-graphics\18-ea+2\javafx-graphics-18-ea+2-win.jar;C:\Users\Home\.m2\repository\org\openjfx\javafx-base\18-ea+2\javafx-base-18-ea+2-win.jar;C:\Users\Home\.m2\repository\org\openjfx\javafx-controls\18-ea+2\javafx-controls-18-ea+2-win.jar;C:\Users\Home\.m2\repository\org\openjfx\javafx-fxml\18-ea+2\javafx-fxml-18-ea+2-win.jar -Djdk.module.main=com.example.cryptofx com.example.cryptofx/com.example.cryptofx.HelloApplication

Host: Intel(R) Core(TM) i5-10210U CPU @ 1.60GHz, 8 cores, 7G,  Windows 11 , 64 bit Build 22000 (10.0.22000.613)
Time: Tue May  3 20:22:40 2022 RTZ 4 (s 11 , 64 bit Build 22000 (10.0.22000.613) elapsed time: 30.919005 seconds (0d 0h 0m 30s)

---------------  T H R E A D  ---------------

Current thread (0x0000024fad0a9330):  VMThread "VM Thread" [stack: 0x00000053a9b00000,0x00000053a9c00000] [id=9952]

Stack: [0x00000053a9b00000,0x00000053a9c00000],  sp=0x00000053a9bff320,  free space=1020k
Native frames: (J=compiled Java code, j=interpreted, Vv=VM code, C=native code)
C  [glass.dll+0x26a87]


siginfo: EXCEPTION_ACCESS_VIOLATION (0xc0000005), reading address 0x0000000000000000


Register to memory mapping:

RIP=0x00007ffc0f366a87 glass.dll
RAX=0x0 is NULL
RBX=0x0000024fcb0f63a8 is a global jni handle
RCX=0x0000024fad0a9330 points into unknown readable memory: 0x00007ffbc5bfd938 | 38 d9 bf c5 fb 7f 00 00
RDX=0x00000053a9bff320 points into unknown readable memory: 0x0000000000000000 | 00 00 00 00 00 00 00 00
RSP=0x00000053a9bff320 points into unknown readable memory: 0x0000000000000000 | 00 00 00 00 00 00 00 00
RBP=0x0000024fd00fc488 points into unknown readable memory: 0x0000175aaf353dd0 | d0 3d 35 af 5a 17 00 00
RSI=0x0000024fd00fc460 points into unknown readable memory: 0x7ffc186c91593dd0 | d0 3d 59 91 6c 18 fc 7f
RDI=0x0000175aaf353dd0 is an unknown value
R8 =0x0000000000010002 is an unknown value
R9 =0x0000175aaf353dd0 is an unknown value
R10=0x85f13e9656da4870 is an unknown value
R11=0x00000053a9bff2b0 points into unknown readable memory: 0x0000024fd00fc460 | 60 c4 0f d0 4f 02 00 00
R12=0x00007ffc0f364354 glass.dll
R13=0x00007ffbc5dbfc00 jvm.dll
R14=0x00000053a9bff428 points into unknown readable memory: 0x00000053a9bff410 | 10 f4 bf a9 53 00 00 00
R15=0x0000024fd00fc460 points into unknown readable memory: 0x7ffc186c91593dd0 | d0 3d 59 91 6c 18 fc 7f


Registers:
RAX=0x0000000000000000, RBX=0x0000024fcb0f63a8, RCX=0x0000024fad0a9330, RDX=0x00000053a9bff320
RSP=0x00000053a9bff320, RBP=0x0000024fd00fc488, RSI=0x0000024fd00fc460, RDI=0x0000175aaf353dd0
R8 =0x0000000000010002, R9 =0x0000175aaf353dd0, R10=0x85f13e9656da4870, R11=0x00000053a9bff2b0
R12=0x00007ffc0f364354, R13=0x00007ffbc5dbfc00, R14=0x00000053a9bff428, R15=0x0000024fd00fc460
RIP=0x00007ffc0f366a87, EFLAGS=0x0000000000010206

Top of Stack: (sp=0x00000053a9bff320)
0x00000053a9bff320:   0000000000000000 0000024fd00fc460
0x00000053a9bff330:   00007ffbc5dbfc00 00007ffc0f364354
0x00000053a9bff340:   0000024fd00fc468 00007ffc39f9bea0
0x00000053a9bff350:   0000175aaf353dd0 0000024f00000000
0x00000053a9bff360:   0000024fd00fc488 0000024fd00fc460
0x00000053a9bff370:   fffffffffffffffe 0000000000000000
0x00000053a9bff380:   0000000000000001 00007ffc0f340000
0x00000053a9bff390:   00000053a9bff418 00007ffc39f9bdb7
0x00000053a9bff3a0:   0000000000000000 00000053a9bff428
0x00000053a9bff3b0:   00000053a9bff700 00007ffc3a0812b0
0x00000053a9bff3c0:   0000000000000001 00007ffc39f9bd6d
0x00000053a9bff3d0:   0000000000000000 0000000000000001
0x00000053a9bff3e0:   0000000000000000 00000053a9bff418
0x00000053a9bff3f0:   fffffffffffffffe 00000053a9bff700
0x00000053a9bff400:   0000000000000000 00007ffc0f3641e1
0x00000053a9bff410:   00007ffc0f37a138 00007ffb00000002 

Instructions: (pc=0x00007ffc0f366a87)
0x00007ffc0f366987:   8b 4d 58 e8 01 cf ff ff 48 8b 4d 60 e8 f8 ce ff
0x00007ffc0f366997:   ff 48 8b 95 80 00 00 00 48 8b 8d 18 01 00 00 e8
0x00007ffc0f3669a7:   c6 c3 ff ff 33 d2 33 c9 e8 3c e1 ff ff 90 48 89
0x00007ffc0f3669b7:   54 24 10 55 48 83 ec 20 48 8b ea 48 b8 00 00 00
0x00007ffc0f3669c7:   00 00 00 00 00 48 83 c4 20 5d c3 cc 40 55 48 8b
0x00007ffc0f3669d7:   ea 48 8b 01 33 c9 81 38 05 00 00 c0 0f 94 c1 8b
0x00007ffc0f3669e7:   c1 5d c3 cc 40 55 48 83 ec 20 48 8b ea 8a 4d 40
0x00007ffc0f3669f7:   48 83 c4 20 5d e9 f7 d2 ff ff cc 40 55 48 83 ec
0x00007ffc0f366a07:   20 48 8b ea 8a 4d 20 e8 e5 d2 ff ff 90 48 83 c4
0x00007ffc0f366a17:   20 5d c3 cc 40 55 48 83 ec 20 48 8b ea 48 83 c4
0x00007ffc0f366a27:   20 5d e9 46 d1 ff ff cc 40 55 48 83 ec 30 48 8b
0x00007ffc0f366a37:   ea 48 8b 01 8b 10 48 89 4c 24 28 89 54 24 20 4c
0x00007ffc0f366a47:   8d 0d e7 d5 ff ff 4c 8b 45 70 8b 55 68 48 8b 4d
0x00007ffc0f366a57:   60 e8 87 d0 ff ff 90 48 83 c4 30 5d c3 cc cc cc
0x00007ffc0f366a67:   cc cc cc cc cc cc cc cc cc 40 53 48 83 ec 20 48
0x00007ffc0f366a77:   8b 1d b3 30 01 00 48 85 db 74 16 e8 09 8b ff ff
0x00007ffc0f366a87:   4c 8b 00 48 8b d3 48 8b c8 41 ff 90 b0 00 00 00
0x00007ffc0f366a97:   90 48 83 c4 20 5b c3 cc cc 40 53 48 83 ec 20 48
0x00007ffc0f366aa7:   8b 1d 2b 32 01 00 48 85 db 74 57 b8 ff ff ff ff
0x00007ffc0f366ab7:   f0 0f c1 43 10 83 f8 01 75 3d 48 85 db 74 38 48
0x00007ffc0f366ac7:   8b 0b 48 85 c9 74 0d ff 15 d4 07 00 00 48 c7 03
0x00007ffc0f366ad7:   00 00 00 00 48 8b 4b 08 48 85 c9 74 0d e8 a7 cd
0x00007ffc0f366ae7:   ff ff 48 c7 43 08 00 00 00 00 ba 18 00 00 00 48
0x00007ffc0f366af7:   8b cb e8 92 cd ff ff 48 c7 05 cf 31 01 00 00 00
0x00007ffc0f366b07:   00 00 48 83 c4 20 5b c3 cc 40 53 48 83 ec 20 48
0x00007ffc0f366b17:   8b 1d 9b 31 01 00 48 85 db 74 57 b8 ff ff ff ff
0x00007ffc0f366b27:   f0 0f c1 43 10 83 f8 01 75 3d 48 85 db 74 38 48
0x00007ffc0f366b37:   8b 0b 48 85 c9 74 0d ff 15 64 07 00 00 48 c7 03
0x00007ffc0f366b47:   00 00 00 00 48 8b 4b 08 48 85 c9 74 0d e8 37 cd
0x00007ffc0f366b57:   ff ff 48 c7 43 08 00 00 00 00 ba 18 00 00 00 48
0x00007ffc0f366b67:   8b cb e8 22 cd ff ff 48 c7 05 3f 31 01 00 00 00
0x00007ffc0f366b77:   00 00 48 83 c4 20 5b c3 cc 40 53 48 83 ec 20 48 


Stack slot to memory mapping:
stack at sp + 0 slots: 0x0 is NULL
stack at sp + 1 slots: 0x0000024fd00fc460 points into unknown readable memory: 0x7ffc186c91593dd0 | d0 3d 59 91 6c 18 fc 7f
stack at sp + 2 slots: 0x00007ffbc5dbfc00 jvm.dll
stack at sp + 3 slots: 0x00007ffc0f364354 glass.dll
stack at sp + 4 slots: 0x0000024fd00fc468 points into unknown readable memory: 0x0000175aaf353dd0 | d0 3d 35 af 5a 17 00 00
stack at sp + 5 slots: 0x00007ffc39f9bea0 ucrtbase.dll
stack at sp + 6 slots: 0x0000175aaf353dd0 is an unknown value
stack at sp + 7 slots: 0x0000024f00000000 is an unknown value

VM_Operation (0x00000053aadf66c0): Exit, mode: safepoint, requested by thread 0x0000024fcf924520


---------------  P R O C E S S  ---------------

Threads class SMR info:
_java_thread_list=0x0000024fd074b0f0, length=20, elements={
0x0000024fad031630, 0x0000024fcb0eccf0, 0x0000024fcb0ed860, 0x0000024fcb10c890,
0x0000024fcb10d140, 0x0000024fcb10d9f0, 0x0000024fcb10e2a0, 0x0000024fcb11c640,
0x0000024fcb11d740, 0x0000024fcb120040, 0x0000024fcb0db3c0, 0x0000024fcf5feca0,
0x0000024fcfe1e280, 0x0000024fd06a2b10, 0x0000024fcf91f480, 0x0000024fcf924520,
0x0000024fd0345760, 0x0000024fd0345c20, 0x0000024fd0f57df0, 0x0000024fd0f57450
}

Java Threads: ( => current thread )
  0x0000024fad031630 JavaThread "main" [_thread_blocked, id=12220, stack(0x00000053a9500000,0x00000053a9600000)]
  0x0000024fcb0eccf0 JavaThread "Reference Handler" daemon [_thread_blocked, id=2584, stack(0x00000053a9c00000,0x00000053a9d00000)]
  0x0000024fcb0ed860 JavaThread "Finalizer" daemon [_thread_blocked, id=9388, stack(0x00000053a9d00000,0x00000053a9e00000)]
  0x0000024fcb10c890 JavaThread "Signal Dispatcher" daemon [_thread_blocked, id=10772, stack(0x00000053a9e00000,0x00000053a9f00000)]
  0x0000024fcb10d140 JavaThread "Attach Listener" daemon [_thread_blocked, id=4896, stack(0x00000053a9f00000,0x00000053aa000000)]
  0x0000024fcb10d9f0 JavaThread "Service Thread" daemon [_thread_blocked, id=13200, stack(0x00000053aa000000,0x00000053aa100000)]
  0x0000024fcb10e2a0 JavaThread "Monitor Deflation Thread" daemon [_thread_blocked, id=10444, stack(0x00000053aa100000,0x00000053aa200000)]
  0x0000024fcb11c640 JavaThread "C2 CompilerThread0" daemon [_thread_blocked, id=17636, stack(0x00000053aa200000,0x00000053aa300000)]
  0x0000024fcb11d740 JavaThread "C1 CompilerThread0" daemon [_thread_blocked, id=20816, stack(0x00000053aa300000,0x00000053aa400000)]
  0x0000024fcb120040 JavaThread "Sweeper thread" daemon [_thread_blocked, id=528, stack(0x00000053aa400000,0x00000053aa500000)]
  0x0000024fcb0db3c0 JavaThread "Common-Cleaner" daemon [_thread_blocked, id=20648, stack(0x00000053aa500000,0x00000053aa600000)]
  0x0000024fcf5feca0 JavaThread "Monitor Ctrl-Break" daemon [_thread_in_native, id=21104, stack(0x00000053aa800000,0x00000053aa900000)]
  0x0000024fcfe1e280 JavaThread "Notification Thread" daemon [_thread_blocked, id=20472, stack(0x00000053aa900000,0x00000053aaa00000)]
  0x0000024fd06a2b10 JavaThread "QuantumRenderer-0" daemon [_thread_blocked, id=11428, stack(0x00000053aab00000,0x00000053aac00000)]
  0x0000024fcf91f480 JavaThread "InvokeLaterDispatcher" daemon [_thread_blocked, id=19752, stack(0x00000053aac00000,0x00000053aad00000)]
  0x0000024fcf924520 JavaThread "JavaFX Application Thread" [_thread_blocked, id=7144, stack(0x00000053aad00000,0x00000053aae00000)]
  0x0000024fd0345760 JavaThread "Thread-1" daemon [_thread_in_native, id=6336, stack(0x00000053ab100000,0x00000053ab200000)]
  0x0000024fd0345c20 JavaThread "JavaFX-Launcher" [_thread_blocked, id=2532, stack(0x00000053ab200000,0x00000053ab300000)]
  0x0000024fd0f57df0 JavaThread "Prism Font Disposer" daemon [_thread_blocked, id=16524, stack(0x00000053abb00000,0x00000053abc00000)]
  0x0000024fd0f57450 JavaThread "Cleaner-0" daemon [_thread_blocked, id=9956, stack(0x00000053abc00000,0x00000053abd00000)]

Other Threads:
=>0x0000024fad0a9330 VMThread "VM Thread" [stack: 0x00000053a9b00000,0x00000053a9c00000] [id=9952]
  0x0000024fad091340 WorkerThread "GC Thread#0" [stack: 0x00000053a9600000,0x00000053a9700000] [id=21048]
  0x0000024fcff16920 WorkerThread "GC Thread#1" [stack: 0x00000053ab300000,0x00000053ab400000] [id=6588]
  0x0000024fd0bacef0 WorkerThread "GC Thread#2" [stack: 0x00000053ab400000,0x00000053ab500000] [id=21352]
  0x0000024fd0bad430 WorkerThread "GC Thread#3" [stack: 0x00000053ab500000,0x00000053ab600000] [id=16592]
  0x0000024fd0bae930 WorkerThread "GC Thread#4" [stack: 0x00000053ab600000,0x00000053ab700000] [id=2664]
  0x0000024fd0bac470 WorkerThread "GC Thread#5" [stack: 0x00000053ab700000,0x00000053ab800000] [id=13304]
  0x0000024fd0d5d1d0 WorkerThread "GC Thread#6" [stack: 0x00000053aa600000,0x00000053aa700000] [id=17996]
  0x0000024fd0d5f3f0 WorkerThread "GC Thread#7" [stack: 0x00000053aa700000,0x00000053aa800000] [id=19180]
  0x0000024fad0a1c40 ConcurrentGCThread "G1 Main Marker" terminated
  0x0000024fad0a2540 WorkerThread "G1 Conc#0" [stack: 0x00000053a9800000,0x00000053a9900000] [id=5884]
  0x0000024fad0f7f40 ConcurrentGCThread "G1 Refine#0" terminated
  0x0000024fad0f8760 ConcurrentGCThread "G1 Service" terminated

Threads with active compile tasks:
C1 CompilerThread0  
[error occurred during error reporting (printing all threads), id 0xc0000005, EXCEPTION_ACCESS_VIOLATION (0xc0000005) at pc=0x00007ffbc59fe8a3]

VM state: at safepoint (shutting down)

VM Mutex/Monitor currently owned by a thread:  ([mutex/lock_event])
[0x0000024fad02cd70] Threads_lock - owner thread: 0x0000024fad0a9330
[0x0000024fad02d3a0] Heap_lock - owner thread: 0x0000024fcf924520

Heap address: 0x0000000082a00000, size: 2006 MB, Compressed Oops mode: 32-bit

CDS archive(s) mapped at: [0x0000000800000000-0x0000000800ba0000-0x0000000800ba0000), size 12189696, SharedBaseAddress: 0x0000000800000000, ArchiveRelocationMode: 0.
Compressed class space mapped at: 0x0000000800c00000-0x0000000840c00000, reserved size: 1073741824
Narrow klass base: 0x0000000800000000, Narrow klass shift: 0, Narrow klass range: 0x100000000

GC Precious Log:
 CardTable entry size: 512
 Card Set container configuration: InlinePtr #cards 5 size 8 Array Of Cards #cards 12 size 40 Howl #buckets 4 coarsen threshold 1843 Howl Bitmap #cards 512 size 80 coarsen threshold 460 Card regions per heap region 1 cards per card region 2048
 CPUs: 8 total, 8 available
 Memory: 8022M
 Large Page Support: Disabled
 NUMA Support: Disabled
 Compressed Oops: Enabled (32-bit)
 Heap Region Size: 1M
 Heap Min Capacity: 8M
 Heap Initial Capacity: 126M
 Heap Max Capacity: 2006M
 Pre-touch: Disabled
 Parallel Workers: 8
 Concurrent Workers: 2
 Concurrent Refinement Workers: 8
 Periodic GC: Disabled

Heap:
 garbage-first heap   total 129024K, used 13492K [0x0000000082a00000, 0x0000000100000000)
  region size 1024K, 10 young (10240K), 5 survivors (5120K)
 Metaspace       used 15117K, committed 15424K, reserved 1114112K
  class space    used 2110K, committed 2240K, reserved 1048576K

Heap Regions: E=young(eden), S=young(survivor), O=old, HS=humongous(starts), HC=humongous(continues), CS=collection set, F=free, OA=open archive, CA=closed archive, TAMS=top-at-mark-start (previous, next)
|   0|0x0000000082a00000, 0x0000000082b00000, 0x0000000082b00000|100%| O|  |TAMS 0x0000000082a00000, 0x0000000082a00000| Untracked 
|   1|0x0000000082b00000, 0x0000000082c00000, 0x0000000082c00000|100%| O|  |TAMS 0x0000000082b00000, 0x0000000082b00000| Untracked 
|   2|0x0000000082c00000, 0x0000000082cf6600, 0x0000000082d00000| 96%| O|  |TAMS 0x0000000082c00000, 0x0000000082c00000| Untracked 
|   3|0x0000000082d00000, 0x0000000082e00000, 0x0000000082e00000|100%|HS|  |TAMS 0x0000000082d00000, 0x0000000082d00000| Complete 
|   4|0x0000000082e00000, 0x0000000082f00000, 0x0000000082f00000|100%|HC|  |TAMS 0x0000000082e00000, 0x0000000082e00000| Complete 
|   5|0x0000000082f00000, 0x0000000082f00000, 0x0000000083000000|  0%| F|  |TAMS 0x0000000082f00000, 0x0000000082f00000| Untracked 
|   6|0x0000000083000000, 0x0000000083000000, 0x0000000083100000|  0%| F|  |TAMS 0x0000000083000000, 0x0000000083000000| Untracked 
|   7|0x0000000083100000, 0x0000000083100000, 0x0000000083200000|  0%| F|  |TAMS 0x0000000083100000, 0x0000000083100000| Untracked 
|   8|0x0000000083200000, 0x0000000083200000, 0x0000000083300000|  0%| F|  |TAMS 0x0000000083200000, 0x0000000083200000| Untracked 
|   9|0x0000000083300000, 0x0000000083300000, 0x0000000083400000|  0%| F|  |TAMS 0x0000000083300000, 0x0000000083300000| Untracked 
|  10|0x0000000083400000, 0x0000000083400000, 0x0000000083500000|  0%| F|  |TAMS 0x0000000083400000, 0x0000000083400000| Untracked 
|  11|0x0000000083500000, 0x0000000083500000, 0x0000000083600000|  0%| F|  |TAMS 0x0000000083500000, 0x0000000083500000| Untracked 
|  12|0x0000000083600000, 0x0000000083600000, 0x0000000083700000|  0%| F|  |TAMS 0x0000000083600000, 0x0000000083600000| Untracked 
|  13|0x0000000083700000, 0x0000000083700000, 0x0000000083800000|  0%| F|  |TAMS 0x0000000083700000, 0x0000000083700000| Untracked 
|  14|0x0000000083800000, 0x0000000083800000, 0x0000000083900000|  0%| F|  |TAMS 0x0000000083800000, 0x0000000083800000| Untracked 
|  15|0x0000000083900000, 0x0000000083900000, 0x0000000083a00000|  0%| F|  |TAMS 0x0000000083900000, 0x0000000083900000| Untracked 
|  16|0x0000000083a00000, 0x0000000083a00000, 0x0000000083b00000|  0%| F|  |TAMS 0x0000000083a00000, 0x0000000083a00000| Untracked 
|  17|0x0000000083b00000, 0x0000000083b00000, 0x0000000083c00000|  0%| F|  |TAMS 0x0000000083b00000, 0x0000000083b00000| Untracked 
|  18|0x0000000083c00000, 0x0000000083c00000, 0x0000000083d00000|  0%| F|  |TAMS 0x0000000083c00000, 0x0000000083c00000| Untracked 
|  19|0x0000000083d00000, 0x0000000083d00000, 0x0000000083e00000|  0%| F|  |TAMS 0x0000000083d00000, 0x0000000083d00000| Untracked 
|  20|0x0000000083e00000, 0x0000000083e00000, 0x0000000083f00000|  0%| F|  |TAMS 0x0000000083e00000, 0x0000000083e00000| Untracked 
|  21|0x0000000083f00000, 0x0000000083f00000, 0x0000000084000000|  0%| F|  |TAMS 0x0000000083f00000, 0x0000000083f00000| Untracked 
|  22|0x0000000084000000, 0x0000000084000000, 0x0000000084100000|  0%| F|  |TAMS 0x0000000084000000, 0x0000000084000000| Untracked 
|  23|0x0000000084100000, 0x0000000084100000, 0x0000000084200000|  0%| F|  |TAMS 0x0000000084100000, 0x0000000084100000| Untracked 
|  24|0x0000000084200000, 0x0000000084200000, 0x0000000084300000|  0%| F|  |TAMS 0x0000000084200000, 0x0000000084200000| Untracked 
|  25|0x0000000084300000, 0x0000000084300000, 0x0000000084400000|  0%| F|  |TAMS 0x0000000084300000, 0x0000000084300000| Untracked 
|  26|0x0000000084400000, 0x0000000084400000, 0x0000000084500000|  0%| F|  |TAMS 0x0000000084400000, 0x0000000084400000| Untracked 
|  27|0x0000000084500000, 0x0000000084500000, 0x0000000084600000|  0%| F|  |TAMS 0x0000000084500000, 0x0000000084500000| Untracked 
|  28|0x0000000084600000, 0x0000000084600000, 0x0000000084700000|  0%| F|  |TAMS 0x0000000084600000, 0x0000000084600000| Untracked 
|  29|0x0000000084700000, 0x0000000084700000, 0x0000000084800000|  0%| F|  |TAMS 0x0000000084700000, 0x0000000084700000| Untracked 
|  30|0x0000000084800000, 0x0000000084800000, 0x0000000084900000|  0%| F|  |TAMS 0x0000000084800000, 0x0000000084800000| Untracked 
|  31|0x0000000084900000, 0x0000000084900000, 0x0000000084a00000|  0%| F|  |TAMS 0x0000000084900000, 0x0000000084900000| Untracked 
|  32|0x0000000084a00000, 0x0000000084a00000, 0x0000000084b00000|  0%| F|  |TAMS 0x0000000084a00000, 0x0000000084a00000| Untracked 
|  33|0x0000000084b00000, 0x0000000084b00000, 0x0000000084c00000|  0%| F|  |TAMS 0x0000000084b00000, 0x0000000084b00000| Untracked 
|  34|0x0000000084c00000, 0x0000000084c00000, 0x0000000084d00000|  0%| F|  |TAMS 0x0000000084c00000, 0x0000000084c00000| Untracked 
|  35|0x0000000084d00000, 0x0000000084d00000, 0x0000000084e00000|  0%| F|  |TAMS 0x0000000084d00000, 0x0000000084d00000| Untracked 
|  36|0x0000000084e00000, 0x0000000084e00000, 0x0000000084f00000|  0%| F|  |TAMS 0x0000000084e00000, 0x0000000084e00000| Untracked 
|  37|0x0000000084f00000, 0x0000000084f00000, 0x0000000085000000|  0%| F|  |TAMS 0x0000000084f00000, 0x0000000084f00000| Untracked 
|  38|0x0000000085000000, 0x0000000085000000, 0x0000000085100000|  0%| F|  |TAMS 0x0000000085000000, 0x0000000085000000| Untracked 
|  39|0x0000000085100000, 0x0000000085100000, 0x0000000085200000|  0%| F|  |TAMS 0x0000000085100000, 0x0000000085100000| Untracked 
|  40|0x0000000085200000, 0x0000000085200000, 0x0000000085300000|  0%| F|  |TAMS 0x0000000085200000, 0x0000000085200000| Untracked 
|  41|0x0000000085300000, 0x0000000085300000, 0x0000000085400000|  0%| F|  |TAMS 0x0000000085300000, 0x0000000085300000| Untracked 
|  42|0x0000000085400000, 0x0000000085400000, 0x0000000085500000|  0%| F|  |TAMS 0x0000000085400000, 0x0000000085400000| Untracked 
|  43|0x0000000085500000, 0x0000000085500000, 0x0000000085600000|  0%| F|  |TAMS 0x0000000085500000, 0x0000000085500000| Untracked 
|  44|0x0000000085600000, 0x0000000085600000, 0x0000000085700000|  0%| F|  |TAMS 0x0000000085600000, 0x0000000085600000| Untracked 
|  45|0x0000000085700000, 0x0000000085700000, 0x0000000085800000|  0%| F|  |TAMS 0x0000000085700000, 0x0000000085700000| Untracked 
|  46|0x0000000085800000, 0x0000000085800000, 0x0000000085900000|  0%| F|  |TAMS 0x0000000085800000, 0x0000000085800000| Untracked 
|  47|0x0000000085900000, 0x0000000085900000, 0x0000000085a00000|  0%| F|  |TAMS 0x0000000085900000, 0x0000000085900000| Untracked 
|  48|0x0000000085a00000, 0x0000000085a00000, 0x0000000085b00000|  0%| F|  |TAMS 0x0000000085a00000, 0x0000000085a00000| Untracked 
|  49|0x0000000085b00000, 0x0000000085b00000, 0x0000000085c00000|  0%| F|  |TAMS 0x0000000085b00000, 0x0000000085b00000| Untracked 
|  50|0x0000000085c00000, 0x0000000085c00000, 0x0000000085d00000|  0%| F|  |TAMS 0x0000000085c00000, 0x0000000085c00000| Untracked 
|  51|0x0000000085d00000, 0x0000000085d00000, 0x0000000085e00000|  0%| F|  |TAMS 0x0000000085d00000, 0x0000000085d00000| Untracked 
|  52|0x0000000085e00000, 0x0000000085e00000, 0x0000000085f00000|  0%| F|  |TAMS 0x0000000085e00000, 0x0000000085e00000| Untracked 
|  53|0x0000000085f00000, 0x0000000085f00000, 0x0000000086000000|  0%| F|  |TAMS 0x0000000085f00000, 0x0000000085f00000| Untracked 
|  54|0x0000000086000000, 0x0000000086000000, 0x0000000086100000|  0%| F|  |TAMS 0x0000000086000000, 0x0000000086000000| Untracked 
|  55|0x0000000086100000, 0x0000000086100000, 0x0000000086200000|  0%| F|  |TAMS 0x0000000086100000, 0x0000000086100000| Untracked 
|  56|0x0000000086200000, 0x0000000086200000, 0x0000000086300000|  0%| F|  |TAMS 0x0000000086200000, 0x0000000086200000| Untracked 
|  57|0x0000000086300000, 0x0000000086300000, 0x0000000086400000|  0%| F|  |TAMS 0x0000000086300000, 0x0000000086300000| Untracked 
|  58|0x0000000086400000, 0x0000000086400000, 0x0000000086500000|  0%| F|  |TAMS 0x0000000086400000, 0x0000000086400000| Untracked 
|  59|0x0000000086500000, 0x0000000086500000, 0x0000000086600000|  0%| F|  |TAMS 0x0000000086500000, 0x0000000086500000| Untracked 
|  60|0x0000000086600000, 0x0000000086600000, 0x0000000086700000|  0%| F|  |TAMS 0x0000000086600000, 0x0000000086600000| Untracked 
|  61|0x0000000086700000, 0x0000000086700000, 0x0000000086800000|  0%| F|  |TAMS 0x0000000086700000, 0x0000000086700000| Untracked 
|  62|0x0000000086800000, 0x0000000086800000, 0x0000000086900000|  0%| F|  |TAMS 0x0000000086800000, 0x0000000086800000| Untracked 
|  63|0x0000000086900000, 0x0000000086900000, 0x0000000086a00000|  0%| F|  |TAMS 0x0000000086900000, 0x0000000086900000| Untracked 
|  64|0x0000000086a00000, 0x0000000086a00000, 0x0000000086b00000|  0%| F|  |TAMS 0x0000000086a00000, 0x0000000086a00000| Untracked 
|  65|0x0000000086b00000, 0x0000000086b00000, 0x0000000086c00000|  0%| F|  |TAMS 0x0000000086b00000, 0x0000000086b00000| Untracked 
|  66|0x0000000086c00000, 0x0000000086c00000, 0x0000000086d00000|  0%| F|  |TAMS 0x0000000086c00000, 0x0000000086c00000| Untracked 
|  67|0x0000000086d00000, 0x0000000086d00000, 0x0000000086e00000|  0%| F|  |TAMS 0x0000000086d00000, 0x0000000086d00000| Untracked 
|  68|0x0000000086e00000, 0x0000000086e00000, 0x0000000086f00000|  0%| F|  |TAMS 0x0000000086e00000, 0x0000000086e00000| Untracked 
|  69|0x0000000086f00000, 0x0000000086f00000, 0x0000000087000000|  0%| F|  |TAMS 0x0000000086f00000, 0x0000000086f00000| Untracked 
|  70|0x0000000087000000, 0x0000000087000000, 0x0000000087100000|  0%| F|  |TAMS 0x0000000087000000, 0x0000000087000000| Untracked 
|  71|0x0000000087100000, 0x0000000087100000, 0x0000000087200000|  0%| F|  |TAMS 0x0000000087100000, 0x0000000087100000| Untracked 
|  72|0x0000000087200000, 0x0000000087200000, 0x0000000087300000|  0%| F|  |TAMS 0x0000000087200000, 0x0000000087200000| Untracked 
|  73|0x0000000087300000, 0x0000000087300000, 0x0000000087400000|  0%| F|  |TAMS 0x0000000087300000, 0x0000000087300000| Untracked 
|  74|0x0000000087400000, 0x0000000087400000, 0x0000000087500000|  0%| F|  |TAMS 0x0000000087400000, 0x0000000087400000| Untracked 
|  75|0x0000000087500000, 0x0000000087500000, 0x0000000087600000|  0%| F|  |TAMS 0x0000000087500000, 0x0000000087500000| Untracked 
|  76|0x0000000087600000, 0x0000000087600000, 0x0000000087700000|  0%| F|  |TAMS 0x0000000087600000, 0x0000000087600000| Untracked 
|  77|0x0000000087700000, 0x0000000087700000, 0x0000000087800000|  0%| F|  |TAMS 0x0000000087700000, 0x0000000087700000| Untracked 
|  78|0x0000000087800000, 0x0000000087800000, 0x0000000087900000|  0%| F|  |TAMS 0x0000000087800000, 0x0000000087800000| Untracked 
|  79|0x0000000087900000, 0x0000000087900000, 0x0000000087a00000|  0%| F|  |TAMS 0x0000000087900000, 0x0000000087900000| Untracked 
|  80|0x0000000087a00000, 0x0000000087a00000, 0x0000000087b00000|  0%| F|  |TAMS 0x0000000087a00000, 0x0000000087a00000| Untracked 
|  81|0x0000000087b00000, 0x0000000087b00000, 0x0000000087c00000|  0%| F|  |TAMS 0x0000000087b00000, 0x0000000087b00000| Untracked 
|  82|0x0000000087c00000, 0x0000000087c00000, 0x0000000087d00000|  0%| F|  |TAMS 0x0000000087c00000, 0x0000000087c00000| Untracked 
|  83|0x0000000087d00000, 0x0000000087d00000, 0x0000000087e00000|  0%| F|  |TAMS 0x0000000087d00000, 0x0000000087d00000| Untracked 
|  84|0x0000000087e00000, 0x0000000087e00000, 0x0000000087f00000|  0%| F|  |TAMS 0x0000000087e00000, 0x0000000087e00000| Untracked 
|  85|0x0000000087f00000, 0x0000000087f00000, 0x0000000088000000|  0%| F|  |TAMS 0x0000000087f00000, 0x0000000087f00000| Untracked 
|  86|0x0000000088000000, 0x0000000088036b00, 0x0000000088100000| 21%| S|CS|TAMS 0x0000000088000000, 0x0000000088000000| Complete 
|  87|0x0000000088100000, 0x0000000088200000, 0x0000000088200000|100%| S|CS|TAMS 0x0000000088100000, 0x0000000088100000| Complete 
|  88|0x0000000088200000, 0x0000000088300000, 0x0000000088300000|100%| S|CS|TAMS 0x0000000088200000, 0x0000000088200000| Complete 
|  89|0x0000000088300000, 0x0000000088400000, 0x0000000088400000|100%| S|CS|TAMS 0x0000000088300000, 0x0000000088300000| Complete 
|  90|0x0000000088400000, 0x0000000088500000, 0x0000000088500000|100%| S|CS|TAMS 0x0000000088400000, 0x0000000088400000| Complete 
|  91|0x0000000088500000, 0x0000000088500000, 0x0000000088600000|  0%| F|  |TAMS 0x0000000088500000, 0x0000000088500000| Untracked 
|  92|0x0000000088600000, 0x0000000088600000, 0x0000000088700000|  0%| F|  |TAMS 0x0000000088600000, 0x0000000088600000| Untracked 
|  93|0x0000000088700000, 0x0000000088700000, 0x0000000088800000|  0%| F|  |TAMS 0x0000000088700000, 0x0000000088700000| Untracked 
|  94|0x0000000088800000, 0x0000000088800000, 0x0000000088900000|  0%| F|  |TAMS 0x0000000088800000, 0x0000000088800000| Untracked 
|  95|0x0000000088900000, 0x0000000088900000, 0x0000000088a00000|  0%| F|  |TAMS 0x0000000088900000, 0x0000000088900000| Untracked 
|  96|0x0000000088a00000, 0x0000000088a00000, 0x0000000088b00000|  0%| F|  |TAMS 0x0000000088a00000, 0x0000000088a00000| Untracked 
|  97|0x0000000088b00000, 0x0000000088b00000, 0x0000000088c00000|  0%| F|  |TAMS 0x0000000088b00000, 0x0000000088b00000| Untracked 
|  98|0x0000000088c00000, 0x0000000088c00000, 0x0000000088d00000|  0%| F|  |TAMS 0x0000000088c00000, 0x0000000088c00000| Untracked 
|  99|0x0000000088d00000, 0x0000000088d00000, 0x0000000088e00000|  0%| F|  |TAMS 0x0000000088d00000, 0x0000000088d00000| Untracked 
| 100|0x0000000088e00000, 0x0000000088e00000, 0x0000000088f00000|  0%| F|  |TAMS 0x0000000088e00000, 0x0000000088e00000| Untracked 
| 101|0x0000000088f00000, 0x0000000088f00000, 0x0000000089000000|  0%| F|  |TAMS 0x0000000088f00000, 0x0000000088f00000| Untracked 
| 102|0x0000000089000000, 0x0000000089000000, 0x0000000089100000|  0%| F|  |TAMS 0x0000000089000000, 0x0000000089000000| Untracked 
| 103|0x0000000089100000, 0x0000000089100000, 0x0000000089200000|  0%| F|  |TAMS 0x0000000089100000, 0x0000000089100000| Untracked 
| 104|0x0000000089200000, 0x0000000089200000, 0x0000000089300000|  0%| F|  |TAMS 0x0000000089200000, 0x0000000089200000| Untracked 
| 105|0x0000000089300000, 0x0000000089300000, 0x0000000089400000|  0%| F|  |TAMS 0x0000000089300000, 0x0000000089300000| Untracked 
| 106|0x0000000089400000, 0x0000000089400000, 0x0000000089500000|  0%| F|  |TAMS 0x0000000089400000, 0x0000000089400000| Untracked 
| 107|0x0000000089500000, 0x0000000089500000, 0x0000000089600000|  0%| F|  |TAMS 0x0000000089500000, 0x0000000089500000| Untracked 
| 108|0x0000000089600000, 0x0000000089600000, 0x0000000089700000|  0%| F|  |TAMS 0x0000000089600000, 0x0000000089600000| Untracked 
| 109|0x0000000089700000, 0x0000000089700000, 0x0000000089800000|  0%| F|  |TAMS 0x0000000089700000, 0x0000000089700000| Untracked 
| 110|0x0000000089800000, 0x0000000089800000, 0x0000000089900000|  0%| F|  |TAMS 0x0000000089800000, 0x0000000089800000| Untracked 
| 111|0x0000000089900000, 0x0000000089900000, 0x0000000089a00000|  0%| F|  |TAMS 0x0000000089900000, 0x0000000089900000| Untracked 
| 112|0x0000000089a00000, 0x0000000089a00000, 0x0000000089b00000|  0%| F|  |TAMS 0x0000000089a00000, 0x0000000089a00000| Untracked 
| 113|0x0000000089b00000, 0x0000000089b00000, 0x0000000089c00000|  0%| F|  |TAMS 0x0000000089b00000, 0x0000000089b00000| Untracked 
| 114|0x0000000089c00000, 0x0000000089c00000, 0x0000000089d00000|  0%| F|  |TAMS 0x0000000089c00000, 0x0000000089c00000| Untracked 
| 115|0x0000000089d00000, 0x0000000089d00000, 0x0000000089e00000|  0%| F|  |TAMS 0x0000000089d00000, 0x0000000089d00000| Untracked 
| 116|0x0000000089e00000, 0x0000000089e00000, 0x0000000089f00000|  0%| F|  |TAMS 0x0000000089e00000, 0x0000000089e00000| Untracked 
| 117|0x0000000089f00000, 0x0000000089f00000, 0x000000008a000000|  0%| F|  |TAMS 0x0000000089f00000, 0x0000000089f00000| Untracked 
| 118|0x000000008a000000, 0x000000008a000000, 0x000000008a100000|  0%| F|  |TAMS 0x000000008a000000, 0x000000008a000000| Untracked 
| 119|0x000000008a100000, 0x000000008a100000, 0x000000008a200000|  0%| F|  |TAMS 0x000000008a100000, 0x000000008a100000| Untracked 
| 120|0x000000008a200000, 0x000000008a200000, 0x000000008a300000|  0%| F|  |TAMS 0x000000008a200000, 0x000000008a200000| Untracked 
| 121|0x000000008a300000, 0x000000008a33c3d0, 0x000000008a400000| 23%| E|  |TAMS 0x000000008a300000, 0x000000008a300000| Complete 
| 122|0x000000008a400000, 0x000000008a500000, 0x000000008a500000|100%| E|CS|TAMS 0x000000008a400000, 0x000000008a400000| Complete 
| 123|0x000000008a500000, 0x000000008a600000, 0x000000008a600000|100%| E|CS|TAMS 0x000000008a500000, 0x000000008a500000| Complete 
| 124|0x000000008a600000, 0x000000008a700000, 0x000000008a700000|100%| E|CS|TAMS 0x000000008a600000, 0x000000008a600000| Complete 
| 125|0x000000008a700000, 0x000000008a800000, 0x000000008a800000|100%| E|CS|TAMS 0x000000008a700000, 0x000000008a700000| Complete 

Card table byte_map: [0x0000024fc4090000,0x0000024fc4480000] _byte_map_base: 0x0000024fc3c7b000

Marking Bits (Prev, Next): (CMBitMap*) 0x0000024fad091850, (CMBitMap*) 0x0000024fad091890
 Prev Bits: [0x0000024fc4870000, 0x0000024fc67c8000)
 Next Bits: [0x0000024fc67d0000, 0x0000024fc8728000)

Polling page: 0x0000024fab040000

Metaspace:

Usage:
  Non-class:     12.70 MB used.
      Class:      2.06 MB used.
       Both:     14.76 MB used.

Virtual space:
  Non-class space:       64.00 MB reserved,      12.88 MB ( 20%) committed,  1 nodes.
      Class space:        1.00 GB reserved,       2.19 MB ( <1%) committed,  1 nodes.
             Both:        1.06 GB reserved,      15.06 MB (  1%) committed. 

Chunk freelists:
   Non-Class:  2.45 MB
       Class:  1.76 MB
        Both:  4.21 MB

MaxMetaspaceSize: unlimited
CompressedClassSpaceSize: 1.00 GB
Initial GC threshold: 21.00 MB
Current GC threshold: 21.00 MB
CDS: on
MetaspaceReclaimPolicy: balanced
 - commit_granule_bytes: 65536.
 - commit_granule_words: 8192.
 - virtual_space_node_default_size: 8388608.
 - enlarge_chunks_in_place: 1.
 - new_chunks_are_fully_committed: 0.
 - uncommit_free_chunks: 1.
 - use_allocation_guard: 0.


Internal statistics:

num_allocs_failed_limit: 0.
num_arena_births: 328.
num_arena_deaths: 0.
num_vsnodes_births: 2.
num_vsnodes_deaths: 0.
num_space_committed: 241.
num_space_uncommitted: 0.
num_chunks_returned_to_freelist: 0.
num_chunks_taken_from_freelist: 806.
num_chunk_merges: 0.
num_chunk_splits: 556.
num_chunks_enlarged: 419.
num_inconsistent_stats: 0.

CodeHeap 'non-profiled nmethods': size=120000Kb used=924Kb max_used=924Kb free=119075Kb
 bounds [0x0000024fbc440000, 0x0000024fbc6b0000, 0x0000024fc3970000]
CodeHeap 'profiled nmethods': size=120000Kb used=4618Kb max_used=4618Kb free=115381Kb
 bounds [0x0000024fb4f10000, 0x0000024fb53a0000, 0x0000024fbc440000]
CodeHeap 'non-nmethods': size=5760Kb used=1433Kb max_used=1451Kb free=4327Kb
 bounds [0x0000024fb4970000, 0x0000024fb4be0000, 0x0000024fb4f10000]
 total_blobs=3277 nmethods=2494 adapters=695
 compilation: enabled
              stopped_count=0, restarted_count=0
 full_count=0

Compilation events (20 events):
Event: 29.158 Thread 0x0000024fcb11d740 nmethod 2486 0x0000024fb5390a90 code [0x0000024fb5390c60, 0x0000024fb5391028]
Event: 29.158 Thread 0x0000024fcb11d740 2487       1       java.util.Collections$EmptyList::size (2 bytes)
Event: 29.158 Thread 0x0000024fcb11d740 nmethod 2487 0x0000024fbc526190 code [0x0000024fbc526320, 0x0000024fbc5263f8]
Event: 29.158 Thread 0x0000024fcb11d740 2488       3       com.sun.prism.impl.BaseGraphics::isAlphaTestShader (26 bytes)
Event: 29.158 Thread 0x0000024fcb11d740 nmethod 2488 0x0000024fb5391190 code [0x0000024fb5391320, 0x0000024fb5391618]
Event: 29.158 Thread 0x0000024fcb11d740 2489       3       com.sun.prism.impl.ps.BaseShaderContext::updatePerVertexColor (46 bytes)
Event: 29.159 Thread 0x0000024fcb11d740 nmethod 2489 0x0000024fb5391710 code [0x0000024fb5391900, 0x0000024fb5391ef8]
Event: 29.159 Thread 0x0000024fcb11d740 2490       1       com.sun.javafx.sg.prism.NGCamera::getViewWidth (5 bytes)
Event: 29.159 Thread 0x0000024fcb11d740 nmethod 2490 0x0000024fbc526490 code [0x0000024fbc526620, 0x0000024fbc5266f8]
Event: 29.159 Thread 0x0000024fcb11d740 2491       1       com.sun.javafx.sg.prism.NGCamera::getViewHeight (5 bytes)
Event: 29.159 Thread 0x0000024fcb11d740 nmethod 2491 0x0000024fbc526790 code [0x0000024fbc526920, 0x0000024fbc5269f8]
Event: 29.159 Thread 0x0000024fcb11d740 2492       3       javafx.scene.layout.Background::isEmpty (30 bytes)
Event: 29.159 Thread 0x0000024fcb11d740 nmethod 2492 0x0000024fb5392090 code [0x0000024fb5392240, 0x0000024fb5392578]
Event: 29.159 Thread 0x0000024fcb11d740 2494       3       com.sun.javafx.geom.transform.BaseTransform::<init> (5 bytes)
Event: 29.159 Thread 0x0000024fcb11d740 nmethod 2494 0x0000024fb5392690 code [0x0000024fb5392820, 0x0000024fb5392978]
Event: 29.159 Thread 0x0000024fcb11d740 2493       1       javafx.scene.layout.Background::getImages (5 bytes)
Event: 29.159 Thread 0x0000024fcb11d740 nmethod 2493 0x0000024fbc526a90 code [0x0000024fbc526c20, 0x0000024fbc526cf8]
Event: 29.651 Thread 0x0000024fcb11c640 2495       4       com.sun.glass.ui.Application::checkEventThread (35 bytes)
Event: 29.652 Thread 0x0000024fcb11c640 nmethod 2495 0x0000024fbc526d90 code [0x0000024fbc526f00, 0x0000024fbc526f98]
Event: 30.526 Thread 0x0000024fcb11d740 2496       3       com.sun.javafx.font.FontStrikeDesc::hashCode (68 bytes)

GC Heap History (4 events):
Event: 0.694 GC heap before
{Heap before GC invocations=0 (full 0):
 garbage-first heap   total 129024K, used 22528K [0x0000000082a00000, 0x0000000100000000)
  region size 1024K, 23 young (23552K), 0 survivors (0K)
 Metaspace       used 6165K, committed 6400K, reserved 1114112K
  class space    used 736K, committed 832K, reserved 1048576K
}
Event: 0.699 GC heap after
{Heap after GC invocations=1 (full 0):
 garbage-first heap   total 129024K, used 3215K [0x0000000082a00000, 0x0000000100000000)
  region size 1024K, 3 young (3072K), 3 survivors (3072K)
 Metaspace       used 6165K, committed 6400K, reserved 1114112K
  class space    used 736K, committed 832K, reserved 1048576K
}
Event: 4.197 GC heap before
{Heap before GC invocations=1 (full 0):
 garbage-first heap   total 129024K, used 34959K [0x0000000082a00000, 0x0000000100000000)
  region size 1024K, 35 young (35840K), 3 survivors (3072K)
 Metaspace       used 14218K, committed 14528K, reserved 1114112K
  class space    used 2040K, committed 2176K, reserved 1048576K
}
Event: 4.206 GC heap after
{Heap after GC invocations=2 (full 0):
 garbage-first heap   total 129024K, used 7348K [0x0000000082a00000, 0x0000000100000000)
  region size 1024K, 5 young (5120K), 5 survivors (5120K)
 Metaspace       used 14218K, committed 14528K, reserved 1114112K
  class space    used 2040K, committed 2176K, reserved 1048576K
}

Deoptimization events (20 events):
Event: 1.207 Thread 0x0000024fd06a2b10 Uncommon trap: trap_request=0xffffffde fr.pc=0x0000024fbc4cf0c8 relative=0x0000000000000128
Event: 1.207 Thread 0x0000024fd06a2b10 Uncommon trap: reason=class_check action=maybe_recompile pc=0x0000024fbc4cf0c8 method=jdk.internal.misc.Unsafe.allocateUninitializedArray(Ljava/lang/Class;I)Ljava/lang/Object; @ 51 c2
Event: 1.207 Thread 0x0000024fd06a2b10 DEOPT PACKING pc=0x0000024fbc4cf0c8 sp=0x00000053aabfdfa0
Event: 1.207 Thread 0x0000024fd06a2b10 DEOPT UNPACKING pc=0x0000024fb49c23a3 sp=0x00000053aabfdf28 mode 2
Event: 1.207 Thread 0x0000024fd06a2b10 Uncommon trap: trap_request=0xffffffde fr.pc=0x0000024fbc4cf0c8 relative=0x0000000000000128
Event: 1.207 Thread 0x0000024fd06a2b10 Uncommon trap: reason=class_check action=maybe_recompile pc=0x0000024fbc4cf0c8 method=jdk.internal.misc.Unsafe.allocateUninitializedArray(Ljava/lang/Class;I)Ljava/lang/Object; @ 51 c2
Event: 1.207 Thread 0x0000024fd06a2b10 DEOPT PACKING pc=0x0000024fbc4cf0c8 sp=0x00000053aabfc660
Event: 1.207 Thread 0x0000024fd06a2b10 DEOPT UNPACKING pc=0x0000024fb49c23a3 sp=0x00000053aabfc5e8 mode 2
Event: 6.077 Thread 0x0000024fcf924520 Uncommon trap: trap_request=0xffffff45 fr.pc=0x0000024fbc4525ac relative=0x000000000000010c
Event: 6.077 Thread 0x0000024fcf924520 Uncommon trap: reason=unstable_if action=reinterpret pc=0x0000024fbc4525ac method=java.lang.StringLatin1.lastIndexOf([BI[BII)I @ 86 c2
Event: 6.077 Thread 0x0000024fcf924520 DEOPT PACKING pc=0x0000024fbc4525ac sp=0x00000053aadf7d00
Event: 6.077 Thread 0x0000024fcf924520 DEOPT UNPACKING pc=0x0000024fb49c23a3 sp=0x00000053aadf7c80 mode 2
Event: 22.554 Thread 0x0000024fd06a2b10 DEOPT PACKING pc=0x0000024fb52f96c4 sp=0x00000053aabfda60
Event: 22.554 Thread 0x0000024fd06a2b10 DEOPT UNPACKING pc=0x0000024fb49c2b43 sp=0x00000053aabfceb8 mode 0
Event: 22.556 Thread 0x0000024fd06a2b10 DEOPT PACKING pc=0x0000024fb52f96c4 sp=0x00000053aabfda60
Event: 22.556 Thread 0x0000024fd06a2b10 DEOPT UNPACKING pc=0x0000024fb49c2b43 sp=0x00000053aabfceb8 mode 0
Event: 22.558 Thread 0x0000024fd06a2b10 DEOPT PACKING pc=0x0000024fb52f96e5 sp=0x00000053aabfda60
Event: 22.558 Thread 0x0000024fd06a2b10 DEOPT UNPACKING pc=0x0000024fb49c2b43 sp=0x00000053aabfcec8 mode 0
Event: 25.829 Thread 0x0000024fcf924520 DEOPT PACKING pc=0x0000024fb50b8f56 sp=0x00000053aadf8120
Event: 25.829 Thread 0x0000024fcf924520 DEOPT UNPACKING pc=0x0000024fb49c2b43 sp=0x00000053aadf75c0 mode 0

Classes loaded (20 events):
Event: 6.075 Loading class java/util/spi/ResourceBundleProvider
Event: 6.075 Loading class java/util/spi/ResourceBundleProvider done
Event: 6.075 Loading class sun/util/resources/LocaleData$LocaleDataResourceBundleProvider done
Event: 6.075 Loading class sun/util/resources/LocaleData$CommonResourceBundleProvider done
Event: 6.075 Loading class sun/text/resources/BreakIteratorInfo
Event: 6.075 Loading class sun/text/resources/BreakIteratorInfo done
Event: 6.076 Loading class sun/text/resources/BreakIteratorResources
Event: 6.076 Loading class sun/util/resources/BreakIteratorResourceBundle
Event: 6.076 Loading class sun/util/resources/BreakIteratorResourceBundle done
Event: 6.076 Loading class sun/text/resources/BreakIteratorResources done
Event: 6.076 Loading class sun/util/resources/Bundles$2
Event: 6.076 Loading class sun/util/resources/Bundles$2 done
Event: 6.077 Loading class sun/text/RuleBasedBreakIterator
Event: 6.077 Loading class sun/text/RuleBasedBreakIterator done
Event: 6.078 Loading class sun/text/CompactByteArray
Event: 6.078 Loading class sun/text/CompactByteArray done
Event: 6.079 Loading class sun/text/SupplementaryCharacterData
Event: 6.079 Loading class sun/text/SupplementaryCharacterData done
Event: 6.079 Loading class java/text/BreakIterator$BreakIteratorCache
Event: 6.079 Loading class java/text/BreakIterator$BreakIteratorCache done

Classes unloaded (0 events):
No events

Classes redefined (0 events):
No events

Internal exceptions (20 events):
Event: 0.885 Thread 0x0000024fcf924520 Exception <a 'java/lang/NoSuchMethodError'{0x0000000089c5ddb0}: 'int java.lang.invoke.DirectMethodHandle$Holder.invokeSpecial(java.lang.Object, java.lang.Object, java.lang.Object)'> (0x0000000089c5ddb0) 
thrown [s\open\src\hotspot\share\interpreter\linkResolver.cpp, line 766]
Event: 0.910 Thread 0x0000024fcf924520 Exception <a 'sun/nio/fs/WindowsException'{0x0000000089b20bb0}> (0x0000000089b20bb0) 
thrown [s\open\src\hotspot\share\prims\jni.cpp, line 516]
Event: 0.933 Thread 0x0000024fcf924520 Implicit null exception at 0x0000024fbc4a3e2c to 0x0000024fbc4a426c
Event: 1.073 Thread 0x0000024fcf924520 Exception <a 'java/lang/NoSuchMethodError'{0x00000000895ed2f0}: 'java.lang.Object java.lang.invoke.DirectMethodHandle$Holder.invokeInterface(java.lang.Object, java.lang.Object, java.lang.Object)'> (0x00000000895ed2f0) 
thrown [s\open\src\hotspot\share\interpreter\linkResolver.cpp, line 766]
Event: 1.073 Thread 0x0000024fcf924520 Exception <a 'java/lang/IncompatibleClassChangeError'{0x00000000895f0c70}: Found class java.lang.Object, but interface was expected> (0x00000000895f0c70) 
thrown [s\open\src\hotspot\share\interpreter\linkResolver.cpp, line 833]
Event: 1.086 Thread 0x0000024fcb10d140 Exception <a 'sun/nio/fs/WindowsException'{0x000000008945da08}> (0x000000008945da08) 
thrown [s\open\src\hotspot\share\prims\jni.cpp, line 516]
Event: 1.150 Thread 0x0000024fcf924520 Exception <a 'java/lang/NoSuchMethodError'{0x0000000089396a00}: 'int java.lang.invoke.DirectMethodHandle$Holder.invokeSpecial(java.lang.Object, java.lang.Object, int)'> (0x0000000089396a00) 
thrown [s\open\src\hotspot\share\interpreter\linkResolver.cpp, line 766]
Event: 1.166 Thread 0x0000024fcf924520 Exception <a 'java/lang/NoSuchMethodError'{0x000000008921c458}: 'java.lang.Object java.lang.invoke.DirectMethodHandle$Holder.newInvokeSpecial(java.lang.Object, java.lang.Object, int)'> (0x000000008921c458) 
thrown [s\open\src\hotspot\share\interpreter\linkResolver.cpp, line 766]
Event: 1.193 Thread 0x0000024fd06a2b10 Exception <a 'java/lang/NoSuchMethodError'{0x00000000892fe0b8}: 'int java.lang.invoke.DirectMethodHandle$Holder.invokeStaticInit(java.lang.Object, java.lang.Object)'> (0x00000000892fe0b8) 
thrown [s\open\src\hotspot\share\interpreter\linkResolver.cpp, line 766]
Event: 2.478 Thread 0x0000024fcf924520 Exception <a 'java/lang/NoSuchMethodError'{0x0000000088c82410}: 'long java.lang.invoke.DirectMethodHandle$Holder.invokeStatic(java.lang.Object, java.lang.Object, java.lang.Object)'> (0x0000000088c82410) 
thrown [s\open\src\hotspot\share\interpreter\linkResolver.cpp, line 766]
Event: 2.478 Thread 0x0000024fcf924520 Exception <a 'java/lang/NoSuchMethodError'{0x0000000088c85bb0}: 'long java.lang.invoke.DirectMethodHandle$Holder.invokeStaticInit(java.lang.Object, java.lang.Object, java.lang.Object)'> (0x0000000088c85bb0) 
thrown [s\open\src\hotspot\share\interpreter\linkResolver.cpp, line 766]
Event: 2.481 Thread 0x0000024fcf924520 Exception <a 'java/lang/NoSuchMethodError'{0x0000000088c9e1f8}: 'java.lang.Object java.lang.invoke.DirectMethodHandle$Holder.newInvokeSpecial(java.lang.Object, java.lang.Object, long)'> (0x0000000088c9e1f8) 
thrown [s\open\src\hotspot\share\interpreter\linkResolver.cpp, line 766]
Event: 2.482 Thread 0x0000024fcf924520 Exception <a 'java/lang/NoSuchMethodError'{0x0000000088ca1d70}: 'java.lang.Object java.lang.invoke.Invokers$Holder.linkToTargetMethod(java.lang.Object, long, java.lang.Object)'> (0x0000000088ca1d70) 
thrown [s\open\src\hotspot\share\interpreter\linkResolver.cpp, line 766]
Event: 4.100 Thread 0x0000024fcf924520 Exception <a 'java/lang/ClassNotFoundException'{0x000000008899c078}: com/sun/javafx/scene/control/skin/resources/controls> (0x000000008899c078) 
thrown [s\open\src\hotspot\share\prims\jni.cpp, line 535]
Event: 4.101 Thread 0x0000024fcf924520 Exception <a 'java/lang/ClassNotFoundException'{0x00000000889aa818}: com/sun/javafx/scene/control/skin/resources/controls_ru> (0x00000000889aa818) 
thrown [s\open\src\hotspot\share\prims\jni.cpp, line 535]
Event: 4.101 Thread 0x0000024fcf924520 Exception <a 'java/lang/ClassNotFoundException'{0x00000000889abfb0}: com/sun/javafx/scene/control/skin/resources/controls_ru_RU> (0x00000000889abfb0) 
thrown [s\open\src\hotspot\share\prims\jni.cpp, line 535]
Event: 4.133 Thread 0x0000024fcf924520 Exception <a 'java/lang/NoSuchMethodError'{0x0000000088724b80}: 'void java.lang.invoke.DirectMethodHandle$Holder.invokeSpecial(java.lang.Object, java.lang.Object, java.lang.Object, java.lang.Object, java.lang.Object, java.lang.Object)'> (0x0000000088724b80) 
thrown [s\open\src\hotspot\share\interpreter\linkResolver.cpp, line 766]
Event: 6.938 Thread 0x0000024fcf924520 Exception <a 'java/lang/NoSuchMethodError'{0x000000008a549e50}: 'java.lang.Object java.lang.invoke.DirectMethodHandle$Holder.newInvokeSpecial(java.lang.Object, java.lang.Object, int, int, int, int, int, java.lang.Object)'> (0x000000008a549e50) 
thrown [s\open\src\hotspot\share\interpreter\linkResolver.cpp, line 766]
Event: 6.942 Thread 0x0000024fcf924520 Exception <a 'java/lang/NoSuchMethodError'{0x000000008a55d628}: 'java.lang.Object java.lang.invoke.DirectMethodHandle$Holder.newInvokeSpecial(java.lang.Object, java.lang.Object, java.lang.Object, int, int, int, int, int)'> (0x000000008a55d628) 
thrown [s\open\src\hotspot\share\interpreter\linkResolver.cpp, line 766]
Event: 6.944 Thread 0x0000024fcf924520 Exception <a 'java/lang/NoSuchMethodError'{0x000000008a565930}: 'java.lang.Object java.lang.invoke.Invokers$Holder.linkToTargetMethod(java.lang.Object, java.lang.Object, int, int, int, int, int, java.lang.Object)'> (0x000000008a565930) 
thrown [s\open\src\hotspot\share\interpreter\linkResolver.cpp, line 766]

VM Operations (20 events):
Event: 15.212 Executing VM operation: Cleanup done
Event: 16.213 Executing VM operation: Cleanup
Event: 16.213 Executing VM operation: Cleanup done
Event: 18.214 Executing VM operation: Cleanup
Event: 18.214 Executing VM operation: Cleanup done
Event: 21.216 Executing VM operation: Cleanup
Event: 21.216 Executing VM operation: Cleanup done
Event: 23.217 Executing VM operation: Cleanup
Event: 23.217 Executing VM operation: Cleanup done
Event: 24.218 Executing VM operation: Cleanup
Event: 24.218 Executing VM operation: Cleanup done
Event: 25.219 Executing VM operation: Cleanup
Event: 25.219 Executing VM operation: Cleanup done
Event: 26.219 Executing VM operation: Cleanup
Event: 26.220 Executing VM operation: Cleanup done
Event: 28.220 Executing VM operation: Cleanup
Event: 28.220 Executing VM operation: Cleanup done
Event: 30.220 Executing VM operation: Cleanup
Event: 30.220 Executing VM operation: Cleanup done
Event: 30.527 Executing VM operation: Exit

Events (20 events):
Event: 0.434 Loaded shared library C:\Users\Home\.openjfx\cache\18-ea\vcruntime140.dll
Event: 0.436 Loaded shared library C:\Users\Home\.openjfx\cache\18-ea\vcruntime140_1.dll
Event: 0.445 Loaded shared library C:\Users\Home\.openjfx\cache\18-ea\msvcp140.dll
Event: 0.481 Thread 0x0000024fd06a2b10 Thread added: 0x0000024fd06a2b10
Event: 0.489 Loaded shared library C:\Users\Home\.openjfx\cache\18-ea\prism_d3d.dll
Event: 0.547 Loaded shared library C:\Users\Home\.openjfx\cache\18-ea\glass.dll
Event: 0.549 Thread 0x0000024fcf91f480 Thread added: 0x0000024fcf91f480
Event: 0.552 Thread 0x0000024fcf924520 Thread added: 0x0000024fcf924520
Event: 0.619 Thread 0x0000024fd0345760 Thread added: 0x0000024fd0345760
Event: 0.621 Thread 0x0000024fd0345c20 Thread added: 0x0000024fd0345c20
Event: 0.650 Loaded shared library C:\Java\IDE\JDK-18\bin\jimage.dll
Event: 0.771 Loaded shared library C:\Users\Home\.openjfx\cache\18-ea\javafx_font.dll
Event: 1.064 Thread 0x0000024fd0f57df0 Thread added: 0x0000024fd0f57df0
Event: 1.078 Thread 0x0000024fcf5652c0 Thread exited: 0x0000024fcf5652c0
Event: 1.813 Thread 0x0000024fcf4d2f90 Thread exited: 0x0000024fcf4d2f90
Event: 4.209 Thread 0x0000024fd0f57450 Thread added: 0x0000024fd0f57450
Event: 30.521 Thread 0x0000024fd0f57920 Thread added: 0x0000024fd0f57920
Event: 30.521 Thread 0x0000024fd0f59ad0 Thread added: 0x0000024fd0f59ad0
Event: 30.523 Thread 0x0000024fd0f57920 Thread exited: 0x0000024fd0f57920
Event: 30.526 Thread 0x0000024fd0f59ad0 Thread exited: 0x0000024fd0f59ad0


Dynamic libraries:
0x00007ff6ddac0000 - 0x00007ff6ddad0000 	C:\Java\IDE\JDK-18\bin\java.exe
0x00007ffc3c200000 - 0x00007ffc3c409000 	C:\WINDOWS\SYSTEM32\ntdll.dll
0x00007ffc3b8d0000 - 0x00007ffc3b98d000 	C:\WINDOWS\System32\KERNEL32.DLL
0x00007ffc396f0000 - 0x00007ffc39a64000 	C:\WINDOWS\System32\KERNELBASE.dll
0x00007ffc39f80000 - 0x00007ffc3a091000 	C:\WINDOWS\System32\ucrtbase.dll
0x00007ffc2f1c0000 - 0x00007ffc2f1da000 	C:\Java\IDE\JDK-18\bin\VCRUNTIME140.dll
0x00007ffc27fc0000 - 0x00007ffc27fd8000 	C:\Java\IDE\JDK-18\bin\jli.dll
0x00007ffc3af10000 - 0x00007ffc3afbe000 	C:\WINDOWS\System32\ADVAPI32.dll
0x00007ffc3b820000 - 0x00007ffc3b8c3000 	C:\WINDOWS\System32\msvcrt.dll
0x00007ffc3bfe0000 - 0x00007ffc3c07e000 	C:\WINDOWS\System32\sechost.dll
0x00007ffc3b1c0000 - 0x00007ffc3b2e0000 	C:\WINDOWS\System32\RPCRT4.dll
0x00007ffc3b2e0000 - 0x00007ffc3b48c000 	C:\WINDOWS\System32\USER32.dll
0x00007ffc24080000 - 0x00007ffc24325000 	C:\WINDOWS\WinSxS\amd64_microsoft.windows.common-controls_6595b64144ccf1df_6.0.22000.120_none_9d947278b86cc467\COMCTL32.dll
0x00007ffc39a70000 - 0x00007ffc39a96000 	C:\WINDOWS\System32\win32u.dll
0x00007ffc3be00000 - 0x00007ffc3be29000 	C:\WINDOWS\System32\GDI32.dll
0x00007ffc39da0000 - 0x00007ffc39eb2000 	C:\WINDOWS\System32\gdi32full.dll
0x00007ffc39aa0000 - 0x00007ffc39b3d000 	C:\WINDOWS\System32\msvcp_win.dll
0x00007ffc31c70000 - 0x00007ffc31c7a000 	C:\WINDOWS\SYSTEM32\VERSION.dll
0x00007ffc3b020000 - 0x00007ffc3b051000 	C:\WINDOWS\System32\IMM32.DLL
0x00007ffc2c200000 - 0x00007ffc2c20c000 	C:\Java\IDE\JDK-18\bin\vcruntime140_1.dll
0x00007ffc23680000 - 0x00007ffc2370d000 	C:\Java\IDE\JDK-18\bin\msvcp140.dll
0x00007ffbc5250000 - 0x00007ffbc5e60000 	C:\Java\IDE\JDK-18\bin\server\jvm.dll
0x00007ffc3b490000 - 0x00007ffc3b498000 	C:\WINDOWS\System32\PSAPI.DLL
0x00007ffc31f70000 - 0x00007ffc31f79000 	C:\WINDOWS\SYSTEM32\WSOCK32.dll
0x00007ffc24530000 - 0x00007ffc24563000 	C:\WINDOWS\SYSTEM32\WINMM.dll
0x00007ffc3c080000 - 0x00007ffc3c0ef000 	C:\WINDOWS\System32\WS2_32.dll
0x00007ffc387f0000 - 0x00007ffc38808000 	C:\WINDOWS\SYSTEM32\kernel.appcore.dll
0x00007ffc27fb0000 - 0x00007ffc27fba000 	C:\Java\IDE\JDK-18\bin\jimage.dll
0x00007ffc33f50000 - 0x00007ffc34171000 	C:\WINDOWS\SYSTEM32\DBGHELP.DLL
0x00007ffc300a0000 - 0x00007ffc300d1000 	C:\WINDOWS\SYSTEM32\dbgcore.DLL
0x00007ffc39bb0000 - 0x00007ffc39c2f000 	C:\WINDOWS\System32\bcryptPrimitives.dll
0x00007ffc27fa0000 - 0x00007ffc27fae000 	C:\Java\IDE\JDK-18\bin\instrument.dll
0x00007ffc24700000 - 0x00007ffc24725000 	C:\Java\IDE\JDK-18\bin\java.dll
0x00007ffc0dd30000 - 0x00007ffc0de06000 	C:\Java\IDE\JDK-18\bin\jsvml.dll
0x00007ffc3a4b0000 - 0x00007ffc3ac5f000 	C:\WINDOWS\System32\SHELL32.dll
0x00007ffc37860000 - 0x00007ffc380c8000 	C:\WINDOWS\SYSTEM32\windows.storage.dll
0x00007ffc3b4a0000 - 0x00007ffc3b818000 	C:\WINDOWS\System32\combase.dll
0x00007ffc376f0000 - 0x00007ffc37856000 	C:\WINDOWS\SYSTEM32\wintypes.dll
0x00007ffc3a1f0000 - 0x00007ffc3a2da000 	C:\WINDOWS\System32\SHCORE.dll
0x00007ffc3afc0000 - 0x00007ffc3b01d000 	C:\WINDOWS\System32\shlwapi.dll
0x00007ffc39620000 - 0x00007ffc39641000 	C:\WINDOWS\SYSTEM32\profapi.dll
0x00007ffc24690000 - 0x00007ffc246a3000 	C:\Java\IDE\JDK-18\bin\net.dll
0x00007ffc327a0000 - 0x00007ffc328ac000 	C:\WINDOWS\SYSTEM32\WINHTTP.dll
0x00007ffc38c20000 - 0x00007ffc38c87000 	C:\WINDOWS\system32\mswsock.dll
0x00007ffc23db0000 - 0x00007ffc23dc6000 	C:\Java\IDE\JDK-18\bin\nio.dll
0x00007ffc23b70000 - 0x00007ffc23b88000 	C:\Java\IDE\JDK-18\bin\zip.dll
0x00007ffc23570000 - 0x00007ffc2358a000 	C:\Java\IDE\IntelliJ IDEA Community Edition 2021.2.3\bin\breakgen64.dll
0x0000024fcb300000 - 0x0000024fcb303000 	C:\Users\Home\.openjfx\cache\18-ea\api-ms-win-core-console-l1-1-0.dll
0x0000024fcb310000 - 0x0000024fcb313000 	C:\Users\Home\.openjfx\cache\18-ea\api-ms-win-core-console-l1-2-0.dll
0x0000024fcb320000 - 0x0000024fcb323000 	C:\Users\Home\.openjfx\cache\18-ea\api-ms-win-core-datetime-l1-1-0.dll
0x0000024fcb330000 - 0x0000024fcb333000 	C:\Users\Home\.openjfx\cache\18-ea\api-ms-win-core-debug-l1-1-0.dll
0x0000024fcb340000 - 0x0000024fcb343000 	C:\Users\Home\.openjfx\cache\18-ea\api-ms-win-core-errorhandling-l1-1-0.dll
0x0000024fcb350000 - 0x0000024fcb354000 	C:\Users\Home\.openjfx\cache\18-ea\api-ms-win-core-file-l1-1-0.dll
0x0000024fcb360000 - 0x0000024fcb363000 	C:\Users\Home\.openjfx\cache\18-ea\api-ms-win-core-file-l1-2-0.dll
0x0000024fcb370000 - 0x0000024fcb373000 	C:\Users\Home\.openjfx\cache\18-ea\api-ms-win-core-file-l2-1-0.dll
0x0000024fcb380000 - 0x0000024fcb383000 	C:\Users\Home\.openjfx\cache\18-ea\api-ms-win-core-handle-l1-1-0.dll
0x0000024fcb390000 - 0x0000024fcb393000 	C:\Users\Home\.openjfx\cache\18-ea\api-ms-win-core-heap-l1-1-0.dll
0x0000024fcb3a0000 - 0x0000024fcb3a3000 	C:\Users\Home\.openjfx\cache\18-ea\api-ms-win-core-interlocked-l1-1-0.dll
0x0000024fcb3b0000 - 0x0000024fcb3b3000 	C:\Users\Home\.openjfx\cache\18-ea\api-ms-win-core-libraryloader-l1-1-0.dll
0x0000024fcb3c0000 - 0x0000024fcb3c3000 	C:\Users\Home\.openjfx\cache\18-ea\api-ms-win-core-localization-l1-2-0.dll
0x0000024fcb3d0000 - 0x0000024fcb3d3000 	C:\Users\Home\.openjfx\cache\18-ea\api-ms-win-core-memory-l1-1-0.dll
0x0000024fcb3e0000 - 0x0000024fcb3e3000 	C:\Users\Home\.openjfx\cache\18-ea\api-ms-win-core-namedpipe-l1-1-0.dll
0x0000024fcb3f0000 - 0x0000024fcb3f3000 	C:\Users\Home\.openjfx\cache\18-ea\api-ms-win-core-processenvironment-l1-1-0.dll
0x0000024fd0fd0000 - 0x0000024fd0fd3000 	C:\Users\Home\.openjfx\cache\18-ea\api-ms-win-core-processthreads-l1-1-0.dll
0x0000024fd0fe0000 - 0x0000024fd0fe3000 	C:\Users\Home\.openjfx\cache\18-ea\api-ms-win-core-processthreads-l1-1-1.dll
0x0000024fd0ff0000 - 0x0000024fd0ff3000 	C:\Users\Home\.openjfx\cache\18-ea\api-ms-win-core-profile-l1-1-0.dll
0x0000024fd1000000 - 0x0000024fd1003000 	C:\Users\Home\.openjfx\cache\18-ea\api-ms-win-core-rtlsupport-l1-1-0.dll
0x0000024fd1010000 - 0x0000024fd1013000 	C:\Users\Home\.openjfx\cache\18-ea\api-ms-win-core-string-l1-1-0.dll
0x0000024fd1020000 - 0x0000024fd1023000 	C:\Users\Home\.openjfx\cache\18-ea\api-ms-win-core-synch-l1-1-0.dll
0x0000024fd1030000 - 0x0000024fd1033000 	C:\Users\Home\.openjfx\cache\18-ea\api-ms-win-core-synch-l1-2-0.dll
0x0000024fd1040000 - 0x0000024fd1043000 	C:\Users\Home\.openjfx\cache\18-ea\api-ms-win-core-sysinfo-l1-1-0.dll
0x0000024fd1050000 - 0x0000024fd1053000 	C:\Users\Home\.openjfx\cache\18-ea\api-ms-win-core-timezone-l1-1-0.dll
0x0000024fd1060000 - 0x0000024fd1063000 	C:\Users\Home\.openjfx\cache\18-ea\api-ms-win-core-util-l1-1-0.dll
0x0000024fd1070000 - 0x0000024fd1073000 	C:\Users\Home\.openjfx\cache\18-ea\api-ms-win-crt-conio-l1-1-0.dll
0x0000024fd1080000 - 0x0000024fd1084000 	C:\Users\Home\.openjfx\cache\18-ea\api-ms-win-crt-convert-l1-1-0.dll
0x0000024fd1090000 - 0x0000024fd1093000 	C:\Users\Home\.openjfx\cache\18-ea\api-ms-win-crt-environment-l1-1-0.dll
0x0000024fd1400000 - 0x0000024fd1403000 	C:\Users\Home\.openjfx\cache\18-ea\api-ms-win-crt-filesystem-l1-1-0.dll
0x0000024fd1410000 - 0x0000024fd1413000 	C:\Users\Home\.openjfx\cache\18-ea\api-ms-win-crt-heap-l1-1-0.dll
0x0000024fd1420000 - 0x0000024fd1423000 	C:\Users\Home\.openjfx\cache\18-ea\api-ms-win-crt-locale-l1-1-0.dll
0x0000024fd1430000 - 0x0000024fd1435000 	C:\Users\Home\.openjfx\cache\18-ea\api-ms-win-crt-math-l1-1-0.dll
0x0000024fd10a0000 - 0x0000024fd10a5000 	C:\Users\Home\.openjfx\cache\18-ea\api-ms-win-crt-multibyte-l1-1-0.dll
0x0000024fd10b0000 - 0x0000024fd10c0000 	C:\Users\Home\.openjfx\cache\18-ea\api-ms-win-crt-private-l1-1-0.dll
0x0000024fd10c0000 - 0x0000024fd10c3000 	C:\Users\Home\.openjfx\cache\18-ea\api-ms-win-crt-process-l1-1-0.dll
0x0000024fd10d0000 - 0x0000024fd10d4000 	C:\Users\Home\.openjfx\cache\18-ea\api-ms-win-crt-runtime-l1-1-0.dll
0x0000024fd10e0000 - 0x0000024fd10e4000 	C:\Users\Home\.openjfx\cache\18-ea\api-ms-win-crt-stdio-l1-1-0.dll
0x0000024fd10f0000 - 0x0000024fd10f4000 	C:\Users\Home\.openjfx\cache\18-ea\api-ms-win-crt-string-l1-1-0.dll
0x0000024fd1100000 - 0x0000024fd1103000 	C:\Users\Home\.openjfx\cache\18-ea\api-ms-win-crt-time-l1-1-0.dll
0x0000024fd1110000 - 0x0000024fd1113000 	C:\Users\Home\.openjfx\cache\18-ea\api-ms-win-crt-utility-l1-1-0.dll
0x00007ffc0ce10000 - 0x00007ffc0cf0c000 	C:\Users\Home\.openjfx\cache\18-ea\ucrtbase.dll
0x00007ffc19280000 - 0x00007ffc1929a000 	C:\Users\Home\.openjfx\cache\18-ea\vcruntime140.dll
0x00007ffc246e0000 - 0x00007ffc246ec000 	C:\Users\Home\.openjfx\cache\18-ea\vcruntime140_1.dll
0x00007ffc0f480000 - 0x00007ffc0f50d000 	C:\Users\Home\.openjfx\cache\18-ea\msvcp140.dll
0x00007ffc18f30000 - 0x00007ffc18f5a000 	C:\Users\Home\.openjfx\cache\18-ea\prism_d3d.dll
0x00007ffc27180000 - 0x00007ffc27326000 	C:\WINDOWS\system32\d3d9.dll
0x00007ffc33c50000 - 0x00007ffc33c7f000 	C:\WINDOWS\SYSTEM32\dwmapi.dll
0x00007ffc33ad0000 - 0x00007ffc33b08000 	C:\WINDOWS\SYSTEM32\dxcore.dll
0x00007ffc33850000 - 0x00007ffc338fc000 	C:\WINDOWS\system32\uxtheme.dll
0x00007ffc0e330000 - 0x00007ffc0e495000 	C:\WINDOWS\System32\DriverStore\FileRepository\iigd_dch.inf_amd64_b547612cbf9ae8be\igdumdim64.dll
0x00007ffc3be30000 - 0x00007ffc3bfca000 	C:\WINDOWS\System32\ole32.dll
0x00007ffbab280000 - 0x00007ffbafa7d000 	C:\WINDOWS\System32\DriverStore\FileRepository\iigd_dch.inf_amd64_b547612cbf9ae8be\igd9dxva64.dll
0x00007ffc3ac60000 - 0x00007ffc3ad36000 	C:\WINDOWS\System32\OLEAUT32.dll
0x00007ffc3b990000 - 0x00007ffc3bdfc000 	C:\WINDOWS\System32\SETUPAPI.dll
0x00007ffc39370000 - 0x00007ffc393bc000 	C:\WINDOWS\SYSTEM32\cfgmgr32.dll
0x00007ffc13760000 - 0x00007ffc139b7000 	C:\WINDOWS\System32\DriverStore\FileRepository\iigd_dch.inf_amd64_b547612cbf9ae8be\igdgmm64.dll
0x00007ffc2bd20000 - 0x00007ffc2bd64000 	C:\WINDOWS\SYSTEM32\directxdatabasehelper.dll
0x00007ffc33c80000 - 0x00007ffc33cb4000 	C:\WINDOWS\SYSTEM32\ntmarta.dll
0x00007ffc0f340000 - 0x00007ffc0f382000 	C:\Users\Home\.openjfx\cache\18-ea\glass.dll
0x00007ffc3a100000 - 0x00007ffc3a1ec000 	C:\WINDOWS\System32\COMDLG32.dll
0x00007ffc3a370000 - 0x00007ffc3a48e000 	C:\WINDOWS\System32\MSCTF.dll
0x00007ffbd2850000 - 0x00007ffbd2877000 	C:\WINDOWS\System32\DriverStore\FileRepository\iigd_dch.inf_amd64_b547612cbf9ae8be\igdinfo64.dll
0x00007ffc108e0000 - 0x00007ffc134f9000 	C:\WINDOWS\System32\DriverStore\FileRepository\iigd_dch.inf_amd64_b547612cbf9ae8be\igc64.dll
0x00007ffc18e80000 - 0x00007ffc18e94000 	C:\Users\Home\.openjfx\cache\18-ea\javafx_font.dll
0x00007ffc13500000 - 0x00007ffc1375f000 	C:\WINDOWS\SYSTEM32\dwrite.dll
0x00007ffc3b060000 - 0x00007ffc3b10f000 	C:\WINDOWS\System32\clbcatq.dll
0x00007ffc33660000 - 0x00007ffc3380e000 	C:\WINDOWS\SYSTEM32\WindowsCodecs.dll
0x00007ffc27af0000 - 0x00007ffc27b4d000 	C:\WINDOWS\system32\dataexchange.dll
0x00007ffc1ed70000 - 0x00007ffc1efd6000 	C:\WINDOWS\system32\twinapi.appcore.dll
0x00007ffc23590000 - 0x00007ffc235c2000 	C:\Program Files\Common Files\Microsoft Shared\Ink\rtscom.dll
0x00007ffc105e0000 - 0x00007ffc1070d000 	C:\WINDOWS\SYSTEM32\textinputframework.dll
0x00007ffc30fd0000 - 0x00007ffc31102000 	C:\WINDOWS\SYSTEM32\CoreMessaging.dll
0x00007ffc177a0000 - 0x00007ffc17b0d000 	C:\WINDOWS\SYSTEM32\CoreUIComponents.dll
0x00007ffc38e80000 - 0x00007ffc38e8c000 	C:\WINDOWS\SYSTEM32\CRYPTBASE.DLL

dbghelp: loaded successfully - version: 4.0.5 - missing functions: none
symbol engine: initialized successfully - sym options: 0x614 - pdb path: .;C:\Java\IDE\JDK-18\bin;C:\WINDOWS\SYSTEM32;C:\WINDOWS\WinSxS\amd64_microsoft.windows.common-controls_6595b64144ccf1df_6.0.22000.120_none_9d947278b86cc467;C:\Java\IDE\JDK-18\bin\server;C:\Java\IDE\IntelliJ IDEA Community Edition 2021.2.3\bin;C:\Users\Home\.openjfx\cache\18-ea;C:\WINDOWS\System32\DriverStore\FileRepository\iigd_dch.inf_amd64_b547612cbf9ae8be;C:\Program Files\Common Files\Microsoft Shared\Ink

VM Arguments:
jvm_args: -javaagent:C:\Java\IDE\IntelliJ IDEA Community Edition 2021.2.3\lib\idea_rt.jar=61626:C:\Java\IDE\IntelliJ IDEA Community Edition 2021.2.3\bin -Dfile.encoding=UTF-8 --module-path=C:\Java\Education\PetProjects\CryptoFX\target\classes;C:\Users\Home\.m2\repository\org\openjfx\javafx-graphics\18-ea+2\javafx-graphics-18-ea+2-win.jar;C:\Users\Home\.m2\repository\org\openjfx\javafx-base\18-ea+2\javafx-base-18-ea+2-win.jar;C:\Users\Home\.m2\repository\org\openjfx\javafx-controls\18-ea+2\javafx-controls-18-ea+2-win.jar;C:\Users\Home\.m2\repository\org\openjfx\javafx-fxml\18-ea+2\javafx-fxml-18-ea+2-win.jar -Djdk.module.main=com.example.cryptofx 
java_command: com.example.cryptofx/com.example.cryptofx.HelloApplication
java_class_path (initial): C:\Users\Home\.m2\repository\org\openjfx\javafx-controls\18-ea+2\javafx-controls-18-ea+2.jar;C:\Users\Home\.m2\repository\org\openjfx\javafx-graphics\18-ea+2\javafx-graphics-18-ea+2.jar;C:\Users\Home\.m2\repository\org\openjfx\javafx-base\18-ea+2\javafx-base-18-ea+2.jar;C:\Users\Home\.m2\repository\org\openjfx\javafx-fxml\18-ea+2\javafx-fxml-18-ea+2.jar
Launcher Type: SUN_STANDARD

[Global flags]
     intx CICompilerCount                          = 4                                         {product} {ergonomic}
     uint ConcGCThreads                            = 2                                         {product} {ergonomic}
     uint G1ConcRefinementThreads                  = 8                                         {product} {ergonomic}
   size_t G1HeapRegionSize                         = 1048576                                   {product} {ergonomic}
    uintx GCDrainStackTargetSize                   = 64                                        {product} {ergonomic}
   size_t InitialHeapSize                          = 132120576                                 {product} {ergonomic}
   size_t MarkStackSize                            = 4194304                                   {product} {ergonomic}
   size_t MaxHeapSize                              = 2103443456                                {product} {ergonomic}
   size_t MaxNewSize                               = 1261436928                                {product} {ergonomic}
   size_t MinHeapDeltaBytes                        = 1048576                                   {product} {ergonomic}
   size_t MinHeapSize                              = 8388608                                   {product} {ergonomic}
    uintx NonNMethodCodeHeapSize                   = 5839372                                {pd product} {ergonomic}
    uintx NonProfiledCodeHeapSize                  = 122909434                              {pd product} {ergonomic}
    uintx ProfiledCodeHeapSize                     = 122909434                              {pd product} {ergonomic}
    uintx ReservedCodeCacheSize                    = 251658240                              {pd product} {ergonomic}
     bool SegmentedCodeCache                       = true                                      {product} {ergonomic}
   size_t SoftMaxHeapSize                          = 2103443456                             {manageable} {ergonomic}
     bool UseCompressedClassPointers               = true                           {product lp64_product} {ergonomic}
     bool UseCompressedOops                        = true                           {product lp64_product} {ergonomic}
     bool UseG1GC                                  = true                                      {product} {ergonomic}
     bool UseLargePagesIndividualAllocation        = false                                  {pd product} {ergonomic}

Logging:
Log output configuration:
 #0: stdout all=off uptime,level,tags foldmultilines=false
 #1: stderr all=off uptime,level,tags foldmultilines=false

Environment Variables:
PATH=C:\Program Files\Common Files\Oracle\Java\javapath;C:\WINDOWS\system32;C:\WINDOWS;C:\WINDOWS\System32\Wbem;C:\WINDOWS\System32\WindowsPowerShell\v1.0\;C:\WINDOWS\System32\OpenSSH\;C:\GIT\Git\cmd;C:\Users\Home\AppData\Local\Microsoft\WindowsApps;
USERNAME=Home
OS=Windows_NT
PROCESSOR_IDENTIFIER=Intel64 Family 6 Model 142 Stepping 12, GenuineIntel



---------------  S Y S T E M  ---------------

OS:
 Windows 11 , 64 bit Build 22000 (10.0.22000.613)
OS uptime: 16 days 15:32 hours

CPU: total 8 (initial active 8) (4 cores per cpu, 2 threads per core) family 6 model 142 stepping 12 microcode 0xde, cx8, cmov, fxsr, ht, mmx, 3dnowpref, sse, sse2, sse3, ssse3, sse4.1, sse4.2, popcnt, lzcnt, tsc, tscinvbit, avx, avx2, aes, erms, clmul, bmi1, bmi2, adx, fma, vzeroupper, clflush, clflushopt

Memory: 4k page, system-wide physical 8022M (1287M free)
TotalPageFile size 15702M (AvailPageFile size 2203M)
current process WorkingSet (physical memory assigned to process): 168M, peak: 176M
current process commit charge ("private bytes"): 292M, peak: 300M

vm_info: Java HotSpot(TM) 64-Bit Server VM (18.0.1+10-24) for windows-amd64 JRE (18.0.1+10-24), built on Mar  9 2022 22:41:56 by "mach5one" with MS VC++ 16.8 / 16.9 (VS2019)

END.
