#
# A fatal error has been detected by the Java Runtime Environment:
#
#  EXCEPTION_ACCESS_VIOLATION (0xc0000005) at pc=0x00007ffc18e76a87, pid=17840, tid=11488
#
# JRE version: Java(TM) SE Runtime Environment (18.0.1+10) (build 18.0.1+10-24)
# Java VM: Java HotSpot(TM) 64-Bit Server VM (18.0.1+10-24, mixed mode, sharing, tiered, compressed oops, compressed class ptrs, g1 gc, windows-amd64)
# Problematic frame:
# C  [glass.dll+0x26a87]
#
# No core dump will be written. Minidumps are not enabled by default on client versions of Windows
#
# If you would like to submit a bug report, please visit:
#   https://bugreport.java.com/bugreport/crash.jsp
#

---------------  S U M M A R Y ------------

Command Line: -javaagent:C:\Java\IDE\IntelliJ IDEA Community Edition 2021.2.3\lib\idea_rt.jar=49800:C:\Java\IDE\IntelliJ IDEA Community Edition 2021.2.3\bin -Dfile.encoding=UTF-8 --module-path=C:\Java\Education\PetProjects\CryptoFX\target\classes;C:\Users\Home\.m2\repository\org\openjfx\javafx-base\18-ea+2\javafx-base-18-ea+2-win.jar;C:\Users\Home\.m2\repository\org\openjfx\javafx-controls\18-ea+2\javafx-controls-18-ea+2-win.jar;C:\Users\Home\.m2\repository\org\openjfx\javafx-graphics\18-ea+2\javafx-graphics-18-ea+2-win.jar;C:\Users\Home\.m2\repository\org\openjfx\javafx-fxml\18-ea+2\javafx-fxml-18-ea+2-win.jar -Djdk.module.main=com.example.cryptofx com.example.cryptofx/com.example.cryptofx.HelloApplication

Host: Intel(R) Core(TM) i5-10210U CPU @ 1.60GHz, 8 cores, 7G,  Windows 11 , 64 bit Build 22000 (10.0.22000.613)
Time: Tue May  3 10:35:41 2022 RTZ 4 (s 11 , 64 bit Build 22000 (10.0.22000.613) elapsed time: 36.250056 seconds (0d 0h 0m 36s)

---------------  T H R E A D  ---------------

Current thread (0x000001b694708a40):  VMThread "VM Thread" [stack: 0x0000008ab4300000,0x0000008ab4400000] [id=11488]

Stack: [0x0000008ab4300000,0x0000008ab4400000],  sp=0x0000008ab43fee70,  free space=1019k
Native frames: (J=compiled Java code, j=interpreted, Vv=VM code, C=native code)
C  [glass.dll+0x26a87]


siginfo: EXCEPTION_ACCESS_VIOLATION (0xc0000005), reading address 0x0000000000000000


Register to memory mapping:

RIP=0x00007ffc18e76a87 glass.dll
RAX=0x0 is NULL
RBX=0x000001b6b2751620 is a global jni handle
RCX=0x000001b694708a40 points into unknown readable memory: 0x00007ffbc787d938 | 38 d9 87 c7 fb 7f 00 00
RDX=0x0000008ab43fee70 points into unknown readable memory: 0x0000000000000000 | 00 00 00 00 00 00 00 00
RSP=0x0000008ab43fee70 points into unknown readable memory: 0x0000000000000000 | 00 00 00 00 00 00 00 00
RBP=0x000001b6b76b9fe8 points into unknown readable memory: 0x0000b193d42daae2 | e2 aa 2d d4 93 b1 00 00
RSI=0x000001b6b76b9fc0 points into unknown readable memory: 0x639c4823d42c5512 | 12 55 2c d4 23 48 9c 63
RDI=0x0000b193d42daae2 is an unknown value
R8 =0x0000000000010002 is an unknown value
R9 =0x0000b193d42daae2 is an unknown value
R10=0x85f13e9656da4870 is an unknown value
R11=0x0000008ab43fee00 points into unknown readable memory: 0x000001b6b76b9fc0 | c0 9f 6b b7 b6 01 00 00
R12=0x00007ffc18e74354 glass.dll
R13=0x00007ffbc7a3fc00 jvm.dll
R14=0x0000008ab43fef78 points into unknown readable memory: 0x0000008ab43fef60 | 60 ef 3f b4 8a 00 00 00
R15=0x000001b6b76b9fc0 points into unknown readable memory: 0x639c4823d42c5512 | 12 55 2c d4 23 48 9c 63


Registers:
RAX=0x0000000000000000, RBX=0x000001b6b2751620, RCX=0x000001b694708a40, RDX=0x0000008ab43fee70
RSP=0x0000008ab43fee70, RBP=0x000001b6b76b9fe8, RSI=0x000001b6b76b9fc0, RDI=0x0000b193d42daae2
R8 =0x0000000000010002, R9 =0x0000b193d42daae2, R10=0x85f13e9656da4870, R11=0x0000008ab43fee00
R12=0x00007ffc18e74354, R13=0x00007ffbc7a3fc00, R14=0x0000008ab43fef78, R15=0x000001b6b76b9fc0
RIP=0x00007ffc18e76a87, EFLAGS=0x0000000000010202

Top of Stack: (sp=0x0000008ab43fee70)
0x0000008ab43fee70:   0000000000000000 000001b6b76b9fc0
0x0000008ab43fee80:   00007ffbc7a3fc00 00007ffc18e74354
0x0000008ab43fee90:   000001b6b76b9fc8 00007ffc39f9bea0
0x0000008ab43feea0:   0000b193d42daae2 000001b600000000
0x0000008ab43feeb0:   000001b6b76b9fe8 000001b6b76b9fc0
0x0000008ab43feec0:   fffffffffffffffe 0000000000000000
0x0000008ab43feed0:   0000000000000001 00007ffc18e50000
0x0000008ab43feee0:   0000008ab43fef68 00007ffc39f9bdb7
0x0000008ab43feef0:   0000000000000000 0000008ab43fef78
0x0000008ab43fef00:   0000008ab43ff250 00007ffc3a0812b0
0x0000008ab43fef10:   0000000000000001 00007ffc39f9bd6d
0x0000008ab43fef20:   0000000000000000 0000000000000001
0x0000008ab43fef30:   0000000000000000 0000008ab43fef68
0x0000008ab43fef40:   fffffffffffffffe 0000008ab43ff200
0x0000008ab43fef50:   0000000000000000 00007ffc18e741e1
0x0000008ab43fef60:   00007ffc18e8a138 00007ffb00000002 

Instructions: (pc=0x00007ffc18e76a87)
0x00007ffc18e76987:   8b 4d 58 e8 01 cf ff ff 48 8b 4d 60 e8 f8 ce ff
0x00007ffc18e76997:   ff 48 8b 95 80 00 00 00 48 8b 8d 18 01 00 00 e8
0x00007ffc18e769a7:   c6 c3 ff ff 33 d2 33 c9 e8 3c e1 ff ff 90 48 89
0x00007ffc18e769b7:   54 24 10 55 48 83 ec 20 48 8b ea 48 b8 00 00 00
0x00007ffc18e769c7:   00 00 00 00 00 48 83 c4 20 5d c3 cc 40 55 48 8b
0x00007ffc18e769d7:   ea 48 8b 01 33 c9 81 38 05 00 00 c0 0f 94 c1 8b
0x00007ffc18e769e7:   c1 5d c3 cc 40 55 48 83 ec 20 48 8b ea 8a 4d 40
0x00007ffc18e769f7:   48 83 c4 20 5d e9 f7 d2 ff ff cc 40 55 48 83 ec
0x00007ffc18e76a07:   20 48 8b ea 8a 4d 20 e8 e5 d2 ff ff 90 48 83 c4
0x00007ffc18e76a17:   20 5d c3 cc 40 55 48 83 ec 20 48 8b ea 48 83 c4
0x00007ffc18e76a27:   20 5d e9 46 d1 ff ff cc 40 55 48 83 ec 30 48 8b
0x00007ffc18e76a37:   ea 48 8b 01 8b 10 48 89 4c 24 28 89 54 24 20 4c
0x00007ffc18e76a47:   8d 0d e7 d5 ff ff 4c 8b 45 70 8b 55 68 48 8b 4d
0x00007ffc18e76a57:   60 e8 87 d0 ff ff 90 48 83 c4 30 5d c3 cc cc cc
0x00007ffc18e76a67:   cc cc cc cc cc cc cc cc cc 40 53 48 83 ec 20 48
0x00007ffc18e76a77:   8b 1d b3 30 01 00 48 85 db 74 16 e8 09 8b ff ff
0x00007ffc18e76a87:   4c 8b 00 48 8b d3 48 8b c8 41 ff 90 b0 00 00 00
0x00007ffc18e76a97:   90 48 83 c4 20 5b c3 cc cc 40 53 48 83 ec 20 48
0x00007ffc18e76aa7:   8b 1d 2b 32 01 00 48 85 db 74 57 b8 ff ff ff ff
0x00007ffc18e76ab7:   f0 0f c1 43 10 83 f8 01 75 3d 48 85 db 74 38 48
0x00007ffc18e76ac7:   8b 0b 48 85 c9 74 0d ff 15 d4 07 00 00 48 c7 03
0x00007ffc18e76ad7:   00 00 00 00 48 8b 4b 08 48 85 c9 74 0d e8 a7 cd
0x00007ffc18e76ae7:   ff ff 48 c7 43 08 00 00 00 00 ba 18 00 00 00 48
0x00007ffc18e76af7:   8b cb e8 92 cd ff ff 48 c7 05 cf 31 01 00 00 00
0x00007ffc18e76b07:   00 00 48 83 c4 20 5b c3 cc 40 53 48 83 ec 20 48
0x00007ffc18e76b17:   8b 1d 9b 31 01 00 48 85 db 74 57 b8 ff ff ff ff
0x00007ffc18e76b27:   f0 0f c1 43 10 83 f8 01 75 3d 48 85 db 74 38 48
0x00007ffc18e76b37:   8b 0b 48 85 c9 74 0d ff 15 64 07 00 00 48 c7 03
0x00007ffc18e76b47:   00 00 00 00 48 8b 4b 08 48 85 c9 74 0d e8 37 cd
0x00007ffc18e76b57:   ff ff 48 c7 43 08 00 00 00 00 ba 18 00 00 00 48
0x00007ffc18e76b67:   8b cb e8 22 cd ff ff 48 c7 05 3f 31 01 00 00 00
0x00007ffc18e76b77:   00 00 48 83 c4 20 5b c3 cc 40 53 48 83 ec 20 48 


Stack slot to memory mapping:
stack at sp + 0 slots: 0x0 is NULL
stack at sp + 1 slots: 0x000001b6b76b9fc0 points into unknown readable memory: 0x639c4823d42c5512 | 12 55 2c d4 23 48 9c 63
stack at sp + 2 slots: 0x00007ffbc7a3fc00 jvm.dll
stack at sp + 3 slots: 0x00007ffc18e74354 glass.dll
stack at sp + 4 slots: 0x000001b6b76b9fc8 points into unknown readable memory: 0x0000b193d42daae2 | e2 aa 2d d4 93 b1 00 00
stack at sp + 5 slots: 0x00007ffc39f9bea0 ucrtbase.dll
stack at sp + 6 slots: 0x0000b193d42daae2 is an unknown value
stack at sp + 7 slots: 0x000001b600000000 is an unknown value

VM_Operation (0x0000008ab55f1f60): Exit, mode: safepoint, requested by thread 0x000001b6b76eac20


---------------  P R O C E S S  ---------------

Threads class SMR info:
_java_thread_list=0x000001b6b8725fd0, length=20, elements={
0x000001b6946917c0, 0x000001b6b274c180, 0x000001b6b274cde0, 0x000001b6b276ca50,
0x000001b6b276d3f0, 0x000001b6b276dd90, 0x000001b6b276e730, 0x000001b6b2777880,
0x000001b6b2774bb0, 0x000001b6b2775c80, 0x000001b6b6c597f0, 0x000001b6b72750d0,
0x000001b6b7275590, 0x000001b6b741adb0, 0x000001b6b76e1c40, 0x000001b6b76eac20,
0x000001b6b7733420, 0x000001b6b84fc4c0, 0x000001b6b86e97e0, 0x000001b6b86ea650
}

Java Threads: ( => current thread )
  0x000001b6946917c0 JavaThread "main" [_thread_blocked, id=18168, stack(0x0000008ab3d00000,0x0000008ab3e00000)]
  0x000001b6b274c180 JavaThread "Reference Handler" daemon [_thread_blocked, id=1920, stack(0x0000008ab4400000,0x0000008ab4500000)]
  0x000001b6b274cde0 JavaThread "Finalizer" daemon [_thread_blocked, id=11688, stack(0x0000008ab4500000,0x0000008ab4600000)]
  0x000001b6b276ca50 JavaThread "Signal Dispatcher" daemon [_thread_blocked, id=18812, stack(0x0000008ab4600000,0x0000008ab4700000)]
  0x000001b6b276d3f0 JavaThread "Attach Listener" daemon [_thread_blocked, id=19320, stack(0x0000008ab4700000,0x0000008ab4800000)]
  0x000001b6b276dd90 JavaThread "Service Thread" daemon [_thread_blocked, id=13348, stack(0x0000008ab4800000,0x0000008ab4900000)]
  0x000001b6b276e730 JavaThread "Monitor Deflation Thread" daemon [_thread_blocked, id=7564, stack(0x0000008ab4900000,0x0000008ab4a00000)]
  0x000001b6b2777880 JavaThread "C2 CompilerThread0" daemon [_thread_blocked, id=18220, stack(0x0000008ab4a00000,0x0000008ab4b00000)]
  0x000001b6b2774bb0 JavaThread "C1 CompilerThread0" daemon [_thread_blocked, id=10600, stack(0x0000008ab4b00000,0x0000008ab4c00000)]
  0x000001b6b2775c80 JavaThread "Sweeper thread" daemon [_thread_blocked, id=5396, stack(0x0000008ab4c00000,0x0000008ab4d00000)]
  0x000001b6b6c597f0 JavaThread "Common-Cleaner" daemon [_thread_blocked, id=19528, stack(0x0000008ab4d00000,0x0000008ab4e00000)]
  0x000001b6b72750d0 JavaThread "Monitor Ctrl-Break" daemon [_thread_in_native, id=6336, stack(0x0000008ab5000000,0x0000008ab5100000)]
  0x000001b6b7275590 JavaThread "Notification Thread" daemon [_thread_blocked, id=15812, stack(0x0000008ab5100000,0x0000008ab5200000)]
  0x000001b6b741adb0 JavaThread "QuantumRenderer-0" daemon [_thread_blocked, id=14956, stack(0x0000008ab5300000,0x0000008ab5400000)]
  0x000001b6b76e1c40 JavaThread "InvokeLaterDispatcher" daemon [_thread_blocked, id=17932, stack(0x0000008ab5400000,0x0000008ab5500000)]
  0x000001b6b76eac20 JavaThread "JavaFX Application Thread" [_thread_blocked, id=16020, stack(0x0000008ab5500000,0x0000008ab5600000)]
  0x000001b6b7733420 JavaThread "Thread-1" daemon [_thread_in_native, id=8880, stack(0x0000008ab5900000,0x0000008ab5a00000)]
  0x000001b6b84fc4c0 JavaThread "JavaFX-Launcher" [_thread_blocked, id=17328, stack(0x0000008ab5a00000,0x0000008ab5b00000)]
  0x000001b6b86e97e0 JavaThread "Prism Font Disposer" daemon [_thread_blocked, id=18780, stack(0x0000008ab6300000,0x0000008ab6400000)]
  0x000001b6b86ea650 JavaThread "Cleaner-0" daemon [_thread_blocked, id=20872, stack(0x0000008ab4e00000,0x0000008ab4f00000)]

Other Threads:
=>0x000001b694708a40 VMThread "VM Thread" [stack: 0x0000008ab4300000,0x0000008ab4400000] [id=11488]
  0x000001b6946f0620 WorkerThread "GC Thread#0" [stack: 0x0000008ab3e00000,0x0000008ab3f00000] [id=9192]
  0x000001b6b776ca70 WorkerThread "GC Thread#1" [stack: 0x0000008ab5b00000,0x0000008ab5c00000] [id=8644]
  0x000001b6b8583870 WorkerThread "GC Thread#2" [stack: 0x0000008ab5c00000,0x0000008ab5d00000] [id=7492]
  0x000001b6b8582610 WorkerThread "GC Thread#3" [stack: 0x0000008ab5d00000,0x0000008ab5e00000] [id=18552]
  0x000001b6b85857f0 WorkerThread "GC Thread#4" [stack: 0x0000008ab5e00000,0x0000008ab5f00000] [id=4520]
  0x000001b6b8583b10 WorkerThread "GC Thread#5" [stack: 0x0000008ab5f00000,0x0000008ab6000000] [id=13144]
  0x000001b6b90a1630 WorkerThread "GC Thread#6" [stack: 0x0000008ab4f00000,0x0000008ab5000000] [id=14676]
  0x000001b6b90a1e10 WorkerThread "GC Thread#7" [stack: 0x0000008ab6400000,0x0000008ab6500000] [id=7420]
  0x000001b694701010 ConcurrentGCThread "G1 Main Marker" terminated
  0x000001b694701a00 WorkerThread "G1 Conc#0" [stack: 0x0000008ab4000000,0x0000008ab4100000] [id=13964]
  0x000001b694754150 ConcurrentGCThread "G1 Refine#0" terminated
  0x000001b694754a60 ConcurrentGCThread "G1 Service" terminated

Threads with active compile tasks:
C2 CompilerThread0  
[error occurred during error reporting (printing all threads), id 0xc0000005, EXCEPTION_ACCESS_VIOLATION (0xc0000005) at pc=0x00007ffbc767e8a3]

VM state: at safepoint (shutting down)

VM Mutex/Monitor currently owned by a thread:  ([mutex/lock_event])
[0x000001b69468db60] Threads_lock - owner thread: 0x000001b694708a40
[0x000001b69468d1d0] Heap_lock - owner thread: 0x000001b6b76eac20

Heap address: 0x0000000082a00000, size: 2006 MB, Compressed Oops mode: 32-bit

CDS archive(s) mapped at: [0x0000000800000000-0x0000000800ba0000-0x0000000800ba0000), size 12189696, SharedBaseAddress: 0x0000000800000000, ArchiveRelocationMode: 0.
Compressed class space mapped at: 0x0000000800c00000-0x0000000840c00000, reserved size: 1073741824
Narrow klass base: 0x0000000800000000, Narrow klass shift: 0, Narrow klass range: 0x100000000

GC Precious Log:
 CardTable entry size: 512
 Card Set container configuration: InlinePtr #cards 5 size 8 Array Of Cards #cards 12 size 40 Howl #buckets 4 coarsen threshold 1843 Howl Bitmap #cards 512 size 80 coarsen threshold 460 Card regions per heap region 1 cards per card region 2048
 CPUs: 8 total, 8 available
 Memory: 8022M
 Large Page Support: Disabled
 NUMA Support: Disabled
 Compressed Oops: Enabled (32-bit)
 Heap Region Size: 1M
 Heap Min Capacity: 8M
 Heap Initial Capacity: 126M
 Heap Max Capacity: 2006M
 Pre-touch: Disabled
 Parallel Workers: 8
 Concurrent Workers: 2
 Concurrent Refinement Workers: 8
 Periodic GC: Disabled

Heap:
 garbage-first heap   total 129024K, used 13261K [0x0000000082a00000, 0x0000000100000000)
  region size 1024K, 10 young (10240K), 5 survivors (5120K)
 Metaspace       used 15022K, committed 15296K, reserved 1114112K
  class space    used 2083K, committed 2240K, reserved 1048576K

Heap Regions: E=young(eden), S=young(survivor), O=old, HS=humongous(starts), HC=humongous(continues), CS=collection set, F=free, OA=open archive, CA=closed archive, TAMS=top-at-mark-start (previous, next)
|   0|0x0000000082a00000, 0x0000000082b00000, 0x0000000082b00000|100%| O|  |TAMS 0x0000000082a00000, 0x0000000082a00000| Untracked 
|   1|0x0000000082b00000, 0x0000000082c00000, 0x0000000082c00000|100%| O|  |TAMS 0x0000000082b00000, 0x0000000082b00000| Untracked 
|   2|0x0000000082c00000, 0x0000000082cc8200, 0x0000000082d00000| 78%| O|  |TAMS 0x0000000082c00000, 0x0000000082c00000| Untracked 
|   3|0x0000000082d00000, 0x0000000082e00000, 0x0000000082e00000|100%|HS|  |TAMS 0x0000000082d00000, 0x0000000082d00000| Complete 
|   4|0x0000000082e00000, 0x0000000082f00000, 0x0000000082f00000|100%|HC|  |TAMS 0x0000000082e00000, 0x0000000082e00000| Complete 
|   5|0x0000000082f00000, 0x0000000082f00000, 0x0000000083000000|  0%| F|  |TAMS 0x0000000082f00000, 0x0000000082f00000| Untracked 
|   6|0x0000000083000000, 0x0000000083000000, 0x0000000083100000|  0%| F|  |TAMS 0x0000000083000000, 0x0000000083000000| Untracked 
|   7|0x0000000083100000, 0x0000000083100000, 0x0000000083200000|  0%| F|  |TAMS 0x0000000083100000, 0x0000000083100000| Untracked 
|   8|0x0000000083200000, 0x0000000083200000, 0x0000000083300000|  0%| F|  |TAMS 0x0000000083200000, 0x0000000083200000| Untracked 
|   9|0x0000000083300000, 0x0000000083300000, 0x0000000083400000|  0%| F|  |TAMS 0x0000000083300000, 0x0000000083300000| Untracked 
|  10|0x0000000083400000, 0x0000000083400000, 0x0000000083500000|  0%| F|  |TAMS 0x0000000083400000, 0x0000000083400000| Untracked 
|  11|0x0000000083500000, 0x0000000083500000, 0x0000000083600000|  0%| F|  |TAMS 0x0000000083500000, 0x0000000083500000| Untracked 
|  12|0x0000000083600000, 0x0000000083600000, 0x0000000083700000|  0%| F|  |TAMS 0x0000000083600000, 0x0000000083600000| Untracked 
|  13|0x0000000083700000, 0x0000000083700000, 0x0000000083800000|  0%| F|  |TAMS 0x0000000083700000, 0x0000000083700000| Untracked 
|  14|0x0000000083800000, 0x0000000083800000, 0x0000000083900000|  0%| F|  |TAMS 0x0000000083800000, 0x0000000083800000| Untracked 
|  15|0x0000000083900000, 0x0000000083900000, 0x0000000083a00000|  0%| F|  |TAMS 0x0000000083900000, 0x0000000083900000| Untracked 
|  16|0x0000000083a00000, 0x0000000083a00000, 0x0000000083b00000|  0%| F|  |TAMS 0x0000000083a00000, 0x0000000083a00000| Untracked 
|  17|0x0000000083b00000, 0x0000000083b00000, 0x0000000083c00000|  0%| F|  |TAMS 0x0000000083b00000, 0x0000000083b00000| Untracked 
|  18|0x0000000083c00000, 0x0000000083c00000, 0x0000000083d00000|  0%| F|  |TAMS 0x0000000083c00000, 0x0000000083c00000| Untracked 
|  19|0x0000000083d00000, 0x0000000083d00000, 0x0000000083e00000|  0%| F|  |TAMS 0x0000000083d00000, 0x0000000083d00000| Untracked 
|  20|0x0000000083e00000, 0x0000000083e00000, 0x0000000083f00000|  0%| F|  |TAMS 0x0000000083e00000, 0x0000000083e00000| Untracked 
|  21|0x0000000083f00000, 0x0000000083f00000, 0x0000000084000000|  0%| F|  |TAMS 0x0000000083f00000, 0x0000000083f00000| Untracked 
|  22|0x0000000084000000, 0x0000000084000000, 0x0000000084100000|  0%| F|  |TAMS 0x0000000084000000, 0x0000000084000000| Untracked 
|  23|0x0000000084100000, 0x0000000084100000, 0x0000000084200000|  0%| F|  |TAMS 0x0000000084100000, 0x0000000084100000| Untracked 
|  24|0x0000000084200000, 0x0000000084200000, 0x0000000084300000|  0%| F|  |TAMS 0x0000000084200000, 0x0000000084200000| Untracked 
|  25|0x0000000084300000, 0x0000000084300000, 0x0000000084400000|  0%| F|  |TAMS 0x0000000084300000, 0x0000000084300000| Untracked 
|  26|0x0000000084400000, 0x0000000084400000, 0x0000000084500000|  0%| F|  |TAMS 0x0000000084400000, 0x0000000084400000| Untracked 
|  27|0x0000000084500000, 0x0000000084500000, 0x0000000084600000|  0%| F|  |TAMS 0x0000000084500000, 0x0000000084500000| Untracked 
|  28|0x0000000084600000, 0x0000000084600000, 0x0000000084700000|  0%| F|  |TAMS 0x0000000084600000, 0x0000000084600000| Untracked 
|  29|0x0000000084700000, 0x0000000084700000, 0x0000000084800000|  0%| F|  |TAMS 0x0000000084700000, 0x0000000084700000| Untracked 
|  30|0x0000000084800000, 0x0000000084800000, 0x0000000084900000|  0%| F|  |TAMS 0x0000000084800000, 0x0000000084800000| Untracked 
|  31|0x0000000084900000, 0x0000000084900000, 0x0000000084a00000|  0%| F|  |TAMS 0x0000000084900000, 0x0000000084900000| Untracked 
|  32|0x0000000084a00000, 0x0000000084a00000, 0x0000000084b00000|  0%| F|  |TAMS 0x0000000084a00000, 0x0000000084a00000| Untracked 
|  33|0x0000000084b00000, 0x0000000084b00000, 0x0000000084c00000|  0%| F|  |TAMS 0x0000000084b00000, 0x0000000084b00000| Untracked 
|  34|0x0000000084c00000, 0x0000000084c00000, 0x0000000084d00000|  0%| F|  |TAMS 0x0000000084c00000, 0x0000000084c00000| Untracked 
|  35|0x0000000084d00000, 0x0000000084d00000, 0x0000000084e00000|  0%| F|  |TAMS 0x0000000084d00000, 0x0000000084d00000| Untracked 
|  36|0x0000000084e00000, 0x0000000084e00000, 0x0000000084f00000|  0%| F|  |TAMS 0x0000000084e00000, 0x0000000084e00000| Untracked 
|  37|0x0000000084f00000, 0x0000000084f00000, 0x0000000085000000|  0%| F|  |TAMS 0x0000000084f00000, 0x0000000084f00000| Untracked 
|  38|0x0000000085000000, 0x0000000085000000, 0x0000000085100000|  0%| F|  |TAMS 0x0000000085000000, 0x0000000085000000| Untracked 
|  39|0x0000000085100000, 0x0000000085100000, 0x0000000085200000|  0%| F|  |TAMS 0x0000000085100000, 0x0000000085100000| Untracked 
|  40|0x0000000085200000, 0x0000000085200000, 0x0000000085300000|  0%| F|  |TAMS 0x0000000085200000, 0x0000000085200000| Untracked 
|  41|0x0000000085300000, 0x0000000085300000, 0x0000000085400000|  0%| F|  |TAMS 0x0000000085300000, 0x0000000085300000| Untracked 
|  42|0x0000000085400000, 0x0000000085400000, 0x0000000085500000|  0%| F|  |TAMS 0x0000000085400000, 0x0000000085400000| Untracked 
|  43|0x0000000085500000, 0x0000000085500000, 0x0000000085600000|  0%| F|  |TAMS 0x0000000085500000, 0x0000000085500000| Untracked 
|  44|0x0000000085600000, 0x0000000085600000, 0x0000000085700000|  0%| F|  |TAMS 0x0000000085600000, 0x0000000085600000| Untracked 
|  45|0x0000000085700000, 0x0000000085700000, 0x0000000085800000|  0%| F|  |TAMS 0x0000000085700000, 0x0000000085700000| Untracked 
|  46|0x0000000085800000, 0x0000000085800000, 0x0000000085900000|  0%| F|  |TAMS 0x0000000085800000, 0x0000000085800000| Untracked 
|  47|0x0000000085900000, 0x0000000085900000, 0x0000000085a00000|  0%| F|  |TAMS 0x0000000085900000, 0x0000000085900000| Untracked 
|  48|0x0000000085a00000, 0x0000000085a00000, 0x0000000085b00000|  0%| F|  |TAMS 0x0000000085a00000, 0x0000000085a00000| Untracked 
|  49|0x0000000085b00000, 0x0000000085b00000, 0x0000000085c00000|  0%| F|  |TAMS 0x0000000085b00000, 0x0000000085b00000| Untracked 
|  50|0x0000000085c00000, 0x0000000085c00000, 0x0000000085d00000|  0%| F|  |TAMS 0x0000000085c00000, 0x0000000085c00000| Untracked 
|  51|0x0000000085d00000, 0x0000000085d00000, 0x0000000085e00000|  0%| F|  |TAMS 0x0000000085d00000, 0x0000000085d00000| Untracked 
|  52|0x0000000085e00000, 0x0000000085e00000, 0x0000000085f00000|  0%| F|  |TAMS 0x0000000085e00000, 0x0000000085e00000| Untracked 
|  53|0x0000000085f00000, 0x0000000085f00000, 0x0000000086000000|  0%| F|  |TAMS 0x0000000085f00000, 0x0000000085f00000| Untracked 
|  54|0x0000000086000000, 0x0000000086000000, 0x0000000086100000|  0%| F|  |TAMS 0x0000000086000000, 0x0000000086000000| Untracked 
|  55|0x0000000086100000, 0x0000000086100000, 0x0000000086200000|  0%| F|  |TAMS 0x0000000086100000, 0x0000000086100000| Untracked 
|  56|0x0000000086200000, 0x0000000086200000, 0x0000000086300000|  0%| F|  |TAMS 0x0000000086200000, 0x0000000086200000| Untracked 
|  57|0x0000000086300000, 0x0000000086300000, 0x0000000086400000|  0%| F|  |TAMS 0x0000000086300000, 0x0000000086300000| Untracked 
|  58|0x0000000086400000, 0x0000000086400000, 0x0000000086500000|  0%| F|  |TAMS 0x0000000086400000, 0x0000000086400000| Untracked 
|  59|0x0000000086500000, 0x0000000086500000, 0x0000000086600000|  0%| F|  |TAMS 0x0000000086500000, 0x0000000086500000| Untracked 
|  60|0x0000000086600000, 0x0000000086600000, 0x0000000086700000|  0%| F|  |TAMS 0x0000000086600000, 0x0000000086600000| Untracked 
|  61|0x0000000086700000, 0x0000000086700000, 0x0000000086800000|  0%| F|  |TAMS 0x0000000086700000, 0x0000000086700000| Untracked 
|  62|0x0000000086800000, 0x0000000086800000, 0x0000000086900000|  0%| F|  |TAMS 0x0000000086800000, 0x0000000086800000| Untracked 
|  63|0x0000000086900000, 0x0000000086900000, 0x0000000086a00000|  0%| F|  |TAMS 0x0000000086900000, 0x0000000086900000| Untracked 
|  64|0x0000000086a00000, 0x0000000086a00000, 0x0000000086b00000|  0%| F|  |TAMS 0x0000000086a00000, 0x0000000086a00000| Untracked 
|  65|0x0000000086b00000, 0x0000000086b00000, 0x0000000086c00000|  0%| F|  |TAMS 0x0000000086b00000, 0x0000000086b00000| Untracked 
|  66|0x0000000086c00000, 0x0000000086c00000, 0x0000000086d00000|  0%| F|  |TAMS 0x0000000086c00000, 0x0000000086c00000| Untracked 
|  67|0x0000000086d00000, 0x0000000086d00000, 0x0000000086e00000|  0%| F|  |TAMS 0x0000000086d00000, 0x0000000086d00000| Untracked 
|  68|0x0000000086e00000, 0x0000000086e00000, 0x0000000086f00000|  0%| F|  |TAMS 0x0000000086e00000, 0x0000000086e00000| Untracked 
|  69|0x0000000086f00000, 0x0000000086f00000, 0x0000000087000000|  0%| F|  |TAMS 0x0000000086f00000, 0x0000000086f00000| Untracked 
|  70|0x0000000087000000, 0x0000000087000000, 0x0000000087100000|  0%| F|  |TAMS 0x0000000087000000, 0x0000000087000000| Untracked 
|  71|0x0000000087100000, 0x0000000087100000, 0x0000000087200000|  0%| F|  |TAMS 0x0000000087100000, 0x0000000087100000| Untracked 
|  72|0x0000000087200000, 0x0000000087200000, 0x0000000087300000|  0%| F|  |TAMS 0x0000000087200000, 0x0000000087200000| Untracked 
|  73|0x0000000087300000, 0x0000000087300000, 0x0000000087400000|  0%| F|  |TAMS 0x0000000087300000, 0x0000000087300000| Untracked 
|  74|0x0000000087400000, 0x0000000087400000, 0x0000000087500000|  0%| F|  |TAMS 0x0000000087400000, 0x0000000087400000| Untracked 
|  75|0x0000000087500000, 0x0000000087500000, 0x0000000087600000|  0%| F|  |TAMS 0x0000000087500000, 0x0000000087500000| Untracked 
|  76|0x0000000087600000, 0x0000000087600000, 0x0000000087700000|  0%| F|  |TAMS 0x0000000087600000, 0x0000000087600000| Untracked 
|  77|0x0000000087700000, 0x0000000087700000, 0x0000000087800000|  0%| F|  |TAMS 0x0000000087700000, 0x0000000087700000| Untracked 
|  78|0x0000000087800000, 0x0000000087800000, 0x0000000087900000|  0%| F|  |TAMS 0x0000000087800000, 0x0000000087800000| Untracked 
|  79|0x0000000087900000, 0x0000000087900000, 0x0000000087a00000|  0%| F|  |TAMS 0x0000000087900000, 0x0000000087900000| Untracked 
|  80|0x0000000087a00000, 0x0000000087a00000, 0x0000000087b00000|  0%| F|  |TAMS 0x0000000087a00000, 0x0000000087a00000| Untracked 
|  81|0x0000000087b00000, 0x0000000087b00000, 0x0000000087c00000|  0%| F|  |TAMS 0x0000000087b00000, 0x0000000087b00000| Untracked 
|  82|0x0000000087c00000, 0x0000000087c00000, 0x0000000087d00000|  0%| F|  |TAMS 0x0000000087c00000, 0x0000000087c00000| Untracked 
|  83|0x0000000087d00000, 0x0000000087d00000, 0x0000000087e00000|  0%| F|  |TAMS 0x0000000087d00000, 0x0000000087d00000| Untracked 
|  84|0x0000000087e00000, 0x0000000087e00000, 0x0000000087f00000|  0%| F|  |TAMS 0x0000000087e00000, 0x0000000087e00000| Untracked 
|  85|0x0000000087f00000, 0x0000000087f00000, 0x0000000088000000|  0%| F|  |TAMS 0x0000000087f00000, 0x0000000087f00000| Untracked 
|  86|0x0000000088000000, 0x0000000088000000, 0x0000000088100000|  0%| F|  |TAMS 0x0000000088000000, 0x0000000088000000| Untracked 
|  87|0x0000000088100000, 0x000000008812b5f0, 0x0000000088200000| 16%| S|CS|TAMS 0x0000000088100000, 0x0000000088100000| Complete 
|  88|0x0000000088200000, 0x0000000088300000, 0x0000000088300000|100%| S|CS|TAMS 0x0000000088200000, 0x0000000088200000| Complete 
|  89|0x0000000088300000, 0x0000000088400000, 0x0000000088400000|100%| S|CS|TAMS 0x0000000088300000, 0x0000000088300000| Complete 
|  90|0x0000000088400000, 0x0000000088500000, 0x0000000088500000|100%| S|CS|TAMS 0x0000000088400000, 0x0000000088400000| Complete 
|  91|0x0000000088500000, 0x0000000088600000, 0x0000000088600000|100%| S|CS|TAMS 0x0000000088500000, 0x0000000088500000| Complete 
|  92|0x0000000088600000, 0x0000000088600000, 0x0000000088700000|  0%| F|  |TAMS 0x0000000088600000, 0x0000000088600000| Untracked 
|  93|0x0000000088700000, 0x0000000088700000, 0x0000000088800000|  0%| F|  |TAMS 0x0000000088700000, 0x0000000088700000| Untracked 
|  94|0x0000000088800000, 0x0000000088800000, 0x0000000088900000|  0%| F|  |TAMS 0x0000000088800000, 0x0000000088800000| Untracked 
|  95|0x0000000088900000, 0x0000000088900000, 0x0000000088a00000|  0%| F|  |TAMS 0x0000000088900000, 0x0000000088900000| Untracked 
|  96|0x0000000088a00000, 0x0000000088a00000, 0x0000000088b00000|  0%| F|  |TAMS 0x0000000088a00000, 0x0000000088a00000| Untracked 
|  97|0x0000000088b00000, 0x0000000088b00000, 0x0000000088c00000|  0%| F|  |TAMS 0x0000000088b00000, 0x0000000088b00000| Untracked 
|  98|0x0000000088c00000, 0x0000000088c00000, 0x0000000088d00000|  0%| F|  |TAMS 0x0000000088c00000, 0x0000000088c00000| Untracked 
|  99|0x0000000088d00000, 0x0000000088d00000, 0x0000000088e00000|  0%| F|  |TAMS 0x0000000088d00000, 0x0000000088d00000| Untracked 
| 100|0x0000000088e00000, 0x0000000088e00000, 0x0000000088f00000|  0%| F|  |TAMS 0x0000000088e00000, 0x0000000088e00000| Untracked 
| 101|0x0000000088f00000, 0x0000000088f00000, 0x0000000089000000|  0%| F|  |TAMS 0x0000000088f00000, 0x0000000088f00000| Untracked 
| 102|0x0000000089000000, 0x0000000089000000, 0x0000000089100000|  0%| F|  |TAMS 0x0000000089000000, 0x0000000089000000| Untracked 
| 103|0x0000000089100000, 0x0000000089100000, 0x0000000089200000|  0%| F|  |TAMS 0x0000000089100000, 0x0000000089100000| Untracked 
| 104|0x0000000089200000, 0x0000000089200000, 0x0000000089300000|  0%| F|  |TAMS 0x0000000089200000, 0x0000000089200000| Untracked 
| 105|0x0000000089300000, 0x0000000089300000, 0x0000000089400000|  0%| F|  |TAMS 0x0000000089300000, 0x0000000089300000| Untracked 
| 106|0x0000000089400000, 0x0000000089400000, 0x0000000089500000|  0%| F|  |TAMS 0x0000000089400000, 0x0000000089400000| Untracked 
| 107|0x0000000089500000, 0x0000000089500000, 0x0000000089600000|  0%| F|  |TAMS 0x0000000089500000, 0x0000000089500000| Untracked 
| 108|0x0000000089600000, 0x0000000089600000, 0x0000000089700000|  0%| F|  |TAMS 0x0000000089600000, 0x0000000089600000| Untracked 
| 109|0x0000000089700000, 0x0000000089700000, 0x0000000089800000|  0%| F|  |TAMS 0x0000000089700000, 0x0000000089700000| Untracked 
| 110|0x0000000089800000, 0x0000000089800000, 0x0000000089900000|  0%| F|  |TAMS 0x0000000089800000, 0x0000000089800000| Untracked 
| 111|0x0000000089900000, 0x0000000089900000, 0x0000000089a00000|  0%| F|  |TAMS 0x0000000089900000, 0x0000000089900000| Untracked 
| 112|0x0000000089a00000, 0x0000000089a00000, 0x0000000089b00000|  0%| F|  |TAMS 0x0000000089a00000, 0x0000000089a00000| Untracked 
| 113|0x0000000089b00000, 0x0000000089b00000, 0x0000000089c00000|  0%| F|  |TAMS 0x0000000089b00000, 0x0000000089b00000| Untracked 
| 114|0x0000000089c00000, 0x0000000089c00000, 0x0000000089d00000|  0%| F|  |TAMS 0x0000000089c00000, 0x0000000089c00000| Untracked 
| 115|0x0000000089d00000, 0x0000000089d00000, 0x0000000089e00000|  0%| F|  |TAMS 0x0000000089d00000, 0x0000000089d00000| Untracked 
| 116|0x0000000089e00000, 0x0000000089e00000, 0x0000000089f00000|  0%| F|  |TAMS 0x0000000089e00000, 0x0000000089e00000| Untracked 
| 117|0x0000000089f00000, 0x0000000089f00000, 0x000000008a000000|  0%| F|  |TAMS 0x0000000089f00000, 0x0000000089f00000| Untracked 
| 118|0x000000008a000000, 0x000000008a000000, 0x000000008a100000|  0%| F|  |TAMS 0x000000008a000000, 0x000000008a000000| Untracked 
| 119|0x000000008a100000, 0x000000008a100000, 0x000000008a200000|  0%| F|  |TAMS 0x000000008a100000, 0x000000008a100000| Untracked 
| 120|0x000000008a200000, 0x000000008a200000, 0x000000008a300000|  0%| F|  |TAMS 0x000000008a200000, 0x000000008a200000| Untracked 
| 121|0x000000008a300000, 0x000000008a33c3d0, 0x000000008a400000| 23%| E|  |TAMS 0x000000008a300000, 0x000000008a300000| Complete 
| 122|0x000000008a400000, 0x000000008a500000, 0x000000008a500000|100%| E|CS|TAMS 0x000000008a400000, 0x000000008a400000| Complete 
| 123|0x000000008a500000, 0x000000008a600000, 0x000000008a600000|100%| E|CS|TAMS 0x000000008a500000, 0x000000008a500000| Complete 
| 124|0x000000008a600000, 0x000000008a700000, 0x000000008a700000|100%| E|CS|TAMS 0x000000008a600000, 0x000000008a600000| Complete 
| 125|0x000000008a700000, 0x000000008a800000, 0x000000008a800000|100%| E|CS|TAMS 0x000000008a700000, 0x000000008a700000| Complete 

Card table byte_map: [0x000001b6ab6f0000,0x000001b6abae0000] _byte_map_base: 0x000001b6ab2db000

Marking Bits (Prev, Next): (CMBitMap*) 0x000001b6946f0c20, (CMBitMap*) 0x000001b6946f0c60
 Prev Bits: [0x000001b6abed0000, 0x000001b6ade28000)
 Next Bits: [0x000001b6ade30000, 0x000001b6afd88000)

Polling page: 0x000001b692610000

Metaspace:

Usage:
  Non-class:     12.64 MB used.
      Class:      2.03 MB used.
       Both:     14.67 MB used.

Virtual space:
  Non-class space:       64.00 MB reserved,      12.75 MB ( 20%) committed,  1 nodes.
      Class space:        1.00 GB reserved,       2.19 MB ( <1%) committed,  1 nodes.
             Both:        1.06 GB reserved,      14.94 MB (  1%) committed. 

Chunk freelists:
   Non-Class:  2.52 MB
       Class:  1.77 MB
        Both:  4.28 MB

MaxMetaspaceSize: unlimited
CompressedClassSpaceSize: 1.00 GB
Initial GC threshold: 21.00 MB
Current GC threshold: 21.00 MB
CDS: on
MetaspaceReclaimPolicy: balanced
 - commit_granule_bytes: 65536.
 - commit_granule_words: 8192.
 - virtual_space_node_default_size: 8388608.
 - enlarge_chunks_in_place: 1.
 - new_chunks_are_fully_committed: 0.
 - uncommit_free_chunks: 1.
 - use_allocation_guard: 0.


Internal statistics:

num_allocs_failed_limit: 0.
num_arena_births: 312.
num_arena_deaths: 0.
num_vsnodes_births: 2.
num_vsnodes_deaths: 0.
num_space_committed: 239.
num_space_uncommitted: 0.
num_chunks_returned_to_freelist: 0.
num_chunks_taken_from_freelist: 785.
num_chunk_merges: 0.
num_chunk_splits: 538.
num_chunks_enlarged: 411.
num_inconsistent_stats: 0.

CodeHeap 'non-profiled nmethods': size=120000Kb used=960Kb max_used=960Kb free=119039Kb
 bounds [0x000001b6a3aa0000, 0x000001b6a3d10000, 0x000001b6aafd0000]
CodeHeap 'profiled nmethods': size=120000Kb used=4833Kb max_used=4833Kb free=115166Kb
 bounds [0x000001b69c570000, 0x000001b69ca30000, 0x000001b6a3aa0000]
CodeHeap 'non-nmethods': size=5760Kb used=1426Kb max_used=1458Kb free=4333Kb
 bounds [0x000001b69bfd0000, 0x000001b69c240000, 0x000001b69c570000]
 total_blobs=3315 nmethods=2537 adapters=690
 compilation: enabled
              stopped_count=0, restarted_count=0
 full_count=0

Compilation events (20 events):
Event: 32.655 Thread 0x000001b6b2774bb0 2530       1       com.sun.prism.impl.BaseResourceFactory::isSuperShaderAllowed (5 bytes)
Event: 32.656 Thread 0x000001b6b2774bb0 nmethod 2530 0x000001b6a3b8f290 code [0x000001b6a3b8f420, 0x000001b6a3b8f4f8]
Event: 32.657 Thread 0x000001b6b2774bb0 2531       3       com.sun.prism.impl.BaseContext::flushMask (97 bytes)
Event: 32.658 Thread 0x000001b6b2774bb0 nmethod 2531 0x000001b69ca25110 code [0x000001b69ca25300, 0x000001b69ca25928]
Event: 32.658 Thread 0x000001b6b2774bb0 2532       3       com.sun.prism.d3d.D3DContext::renderQuads (18 bytes)
Event: 32.658 Thread 0x000001b6b2774bb0 nmethod 2532 0x000001b69ca25b10 code [0x000001b69ca25cc0, 0x000001b69ca25e38]
Event: 32.667 Thread 0x000001b6b2774bb0 2533       3       java.util.concurrent.locks.AbstractQueuedSynchronizer$ConditionNode::isReleasable (23 bytes)
Event: 32.668 Thread 0x000001b6b2774bb0 nmethod 2533 0x000001b69ca25f10 code [0x000001b69ca260a0, 0x000001b69ca26318]
Event: 32.676 Thread 0x000001b6b2777880 nmethod 2518 0x000001b6a3b8f590 code [0x000001b6a3b8f760, 0x000001b6a3b8fcd0]
Event: 33.878 Thread 0x000001b6b2774bb0 2534       3       com.sun.prism.d3d.D3DTexture::getContext (17 bytes)
Event: 33.879 Thread 0x000001b6b2774bb0 nmethod 2534 0x000001b69ca26410 code [0x000001b69ca265e0, 0x000001b69ca26b68]
Event: 34.650 Thread 0x000001b6b2774bb0 2535       3       javafx.beans.property.ReadOnlyBooleanWrapper::fireValueChangedEvent (19 bytes)
Event: 34.651 Thread 0x000001b6b2774bb0 nmethod 2535 0x000001b69ca26d10 code [0x000001b69ca26ee0, 0x000001b69ca27438]
Event: 35.631 Thread 0x000001b6b2774bb0 2536       1       java.util.concurrent.CopyOnWriteArrayList::setArray (6 bytes)
Event: 35.634 Thread 0x000001b6b2774bb0 nmethod 2536 0x000001b6a3b90090 code [0x000001b6a3b90220, 0x000001b6a3b90338]
Event: 35.634 Thread 0x000001b6b2774bb0 2537       3       javafx.scene.Node::pseudoClassStateChanged (59 bytes)
Event: 35.635 Thread 0x000001b6b2774bb0 nmethod 2537 0x000001b69ca27610 code [0x000001b69ca27800, 0x000001b69ca27d18]
Event: 35.635 Thread 0x000001b6b2774bb0 2538       3       javafx.beans.binding.BooleanExpression::getValue (5 bytes)
Event: 35.636 Thread 0x000001b6b2774bb0 nmethod 2538 0x000001b69ca27f10 code [0x000001b69ca280e0, 0x000001b69ca28468]
Event: 35.854 Thread 0x000001b6b2777880 2539       4       jdk.internal.org.objectweb.asm.SymbolTable::addConstantUtf8Reference (101 bytes)

GC Heap History (4 events):
Event: 0.708 GC heap before
{Heap before GC invocations=0 (full 0):
 garbage-first heap   total 129024K, used 22528K [0x0000000082a00000, 0x0000000100000000)
  region size 1024K, 23 young (23552K), 0 survivors (0K)
 Metaspace       used 6420K, committed 6656K, reserved 1114112K
  class space    used 777K, committed 896K, reserved 1048576K
}
Event: 0.711 GC heap after
{Heap after GC invocations=1 (full 0):
 garbage-first heap   total 129024K, used 2973K [0x0000000082a00000, 0x0000000100000000)
  region size 1024K, 3 young (3072K), 3 survivors (3072K)
 Metaspace       used 6420K, committed 6656K, reserved 1114112K
  class space    used 777K, committed 896K, reserved 1048576K
}
Event: 23.594 GC heap before
{Heap before GC invocations=1 (full 0):
 garbage-first heap   total 129024K, used 33693K [0x0000000082a00000, 0x0000000100000000)
  region size 1024K, 34 young (34816K), 3 survivors (3072K)
 Metaspace       used 14250K, committed 14592K, reserved 1114112K
  class space    used 1988K, committed 2176K, reserved 1048576K
}
Event: 23.601 GC heap after
{Heap after GC invocations=2 (full 0):
 garbage-first heap   total 129024K, used 7117K [0x0000000082a00000, 0x0000000100000000)
  region size 1024K, 5 young (5120K), 5 survivors (5120K)
 Metaspace       used 14250K, committed 14592K, reserved 1114112K
  class space    used 1988K, committed 2176K, reserved 1048576K
}

Deoptimization events (20 events):
Event: 3.481 Thread 0x000001b6b76eac20 DEOPT PACKING pc=0x000001b6a3b4d748 sp=0x0000008ab55f9b50
Event: 3.481 Thread 0x000001b6b76eac20 DEOPT UNPACKING pc=0x000001b69c0223a3 sp=0x0000008ab55f9ad8 mode 2
Event: 23.527 Thread 0x000001b6b76eac20 DEOPT PACKING pc=0x000001b69c7154d6 sp=0x0000008ab55f4bc0
Event: 23.528 Thread 0x000001b6b76eac20 DEOPT UNPACKING pc=0x000001b69c022b43 sp=0x0000008ab55f4060 mode 0
Event: 23.569 Thread 0x000001b6b76eac20 Uncommon trap: trap_request=0xffffffde fr.pc=0x000001b6a3b73fd8 relative=0x00000000000000b8
Event: 23.569 Thread 0x000001b6b76eac20 Uncommon trap: reason=class_check action=maybe_recompile pc=0x000001b6a3b73fd8 method=com.sun.javafx.css.StyleMap.isEmpty()Z @ 11 c2
Event: 23.569 Thread 0x000001b6b76eac20 DEOPT PACKING pc=0x000001b6a3b73fd8 sp=0x0000008ab55f5350
Event: 23.569 Thread 0x000001b6b76eac20 DEOPT UNPACKING pc=0x000001b69c0223a3 sp=0x0000008ab55f52f0 mode 2
Event: 23.574 Thread 0x000001b6b76eac20 Uncommon trap: trap_request=0xffffffde fr.pc=0x000001b6a3b73fd8 relative=0x00000000000000b8
Event: 23.574 Thread 0x000001b6b76eac20 Uncommon trap: reason=class_check action=maybe_recompile pc=0x000001b6a3b73fd8 method=com.sun.javafx.css.StyleMap.isEmpty()Z @ 11 c2
Event: 23.574 Thread 0x000001b6b76eac20 DEOPT PACKING pc=0x000001b6a3b73fd8 sp=0x0000008ab55f5430
Event: 23.574 Thread 0x000001b6b76eac20 DEOPT UNPACKING pc=0x000001b69c0223a3 sp=0x0000008ab55f53d0 mode 2
Event: 23.575 Thread 0x000001b6b76eac20 Uncommon trap: trap_request=0xffffffde fr.pc=0x000001b6a3b73fd8 relative=0x00000000000000b8
Event: 23.575 Thread 0x000001b6b76eac20 Uncommon trap: reason=class_check action=maybe_recompile pc=0x000001b6a3b73fd8 method=com.sun.javafx.css.StyleMap.isEmpty()Z @ 11 c2
Event: 23.576 Thread 0x000001b6b76eac20 DEOPT PACKING pc=0x000001b6a3b73fd8 sp=0x0000008ab55f53a0
Event: 23.576 Thread 0x000001b6b76eac20 DEOPT UNPACKING pc=0x000001b69c0223a3 sp=0x0000008ab55f5340 mode 2
Event: 23.576 Thread 0x000001b6b76eac20 Uncommon trap: trap_request=0xffffffde fr.pc=0x000001b6a3b73fd8 relative=0x00000000000000b8
Event: 23.576 Thread 0x000001b6b76eac20 Uncommon trap: reason=class_check action=maybe_recompile pc=0x000001b6a3b73fd8 method=com.sun.javafx.css.StyleMap.isEmpty()Z @ 11 c2
Event: 23.576 Thread 0x000001b6b76eac20 DEOPT PACKING pc=0x000001b6a3b73fd8 sp=0x0000008ab55f53a0
Event: 23.576 Thread 0x000001b6b76eac20 DEOPT UNPACKING pc=0x000001b69c0223a3 sp=0x0000008ab55f5340 mode 2

Classes loaded (20 events):
Event: 3.467 Loading class java/io/UnsupportedEncodingException
Event: 3.467 Loading class java/io/UnsupportedEncodingException done
Event: 3.503 Loading class java/util/concurrent/ConcurrentLinkedQueue
Event: 3.503 Loading class java/util/concurrent/ConcurrentLinkedQueue done
Event: 3.503 Loading class java/util/concurrent/ConcurrentLinkedQueue$Node
Event: 3.503 Loading class java/util/concurrent/ConcurrentLinkedQueue$Node done
Event: 23.611 Loading class java/lang/ArrayIndexOutOfBoundsException
Event: 23.611 Loading class java/lang/ArrayIndexOutOfBoundsException done
Event: 23.612 Loading class java/lang/FdLibm$Hypot
Event: 23.612 Loading class java/lang/FdLibm$Hypot done
Event: 23.612 Loading class java/lang/FdLibm
Event: 23.612 Loading class java/lang/FdLibm done
Event: 25.469 Loading class jdk/internal/ref/CleanerImpl$InnocuousThreadFactory
Event: 25.470 Loading class jdk/internal/ref/CleanerImpl$InnocuousThreadFactory done
Event: 25.474 Loading class jdk/internal/math/FDBigInteger
Event: 25.475 Loading class jdk/internal/math/FDBigInteger done
Event: 25.480 Loading class sun/misc/Unsafe
Event: 25.480 Loading class sun/misc/Unsafe done
Event: 25.481 Loading class java/lang/invoke/DirectMethodHandle$StaticAccessor
Event: 25.481 Loading class java/lang/invoke/DirectMethodHandle$StaticAccessor done

Classes unloaded (0 events):
No events

Classes redefined (0 events):
No events

Internal exceptions (20 events):
Event: 0.891 Thread 0x000001b6b76eac20 Exception <a 'java/lang/NoSuchMethodError'{0x0000000089d8fb50}: 'void java.lang.invoke.DelegatingMethodHandle$Holder.reinvoke_L(java.lang.Object, java.lang.Object, int)'> (0x0000000089d8fb50) 
thrown [s\open\src\hotspot\share\interpreter\linkResolver.cpp, line 766]
Event: 0.891 Thread 0x000001b6b76eac20 Exception <a 'java/lang/NoSuchMethodError'{0x0000000089d93860}: 'int java.lang.invoke.DirectMethodHandle$Holder.invokeSpecial(java.lang.Object, java.lang.Object, java.lang.Object)'> (0x0000000089d93860) 
thrown [s\open\src\hotspot\share\interpreter\linkResolver.cpp, line 766]
Event: 0.917 Thread 0x000001b6b76eac20 Exception <a 'sun/nio/fs/WindowsException'{0x0000000089c55e38}> (0x0000000089c55e38) 
thrown [s\open\src\hotspot\share\prims\jni.cpp, line 516]
Event: 0.939 Thread 0x000001b6b76eac20 Implicit null exception at 0x000001b6a3afb62c to 0x000001b6a3afba6c
Event: 0.959 Thread 0x000001b6b76eac20 Implicit null exception at 0x000001b6a3afcbac to 0x000001b6a3afcfc4
Event: 0.959 Thread 0x000001b6b76eac20 Implicit null exception at 0x000001b6a3ab3f8f to 0x000001b6a3ab4009
Event: 1.086 Thread 0x000001b6b76eac20 Exception <a 'java/lang/NoSuchMethodError'{0x00000000896e0b78}: 'java.lang.Object java.lang.invoke.DirectMethodHandle$Holder.invokeInterface(java.lang.Object, java.lang.Object, java.lang.Object)'> (0x00000000896e0b78) 
thrown [s\open\src\hotspot\share\interpreter\linkResolver.cpp, line 766]
Event: 1.086 Thread 0x000001b6b76eac20 Exception <a 'java/lang/IncompatibleClassChangeError'{0x00000000896e44f8}: Found class java.lang.Object, but interface was expected> (0x00000000896e44f8) 
thrown [s\open\src\hotspot\share\interpreter\linkResolver.cpp, line 833]
Event: 1.094 Thread 0x000001b6b276d3f0 Exception <a 'sun/nio/fs/WindowsException'{0x000000008954b250}> (0x000000008954b250) 
thrown [s\open\src\hotspot\share\prims\jni.cpp, line 516]
Event: 1.143 Thread 0x000001b6b76eac20 Exception <a 'java/lang/NoSuchMethodError'{0x00000000894e0100}: 'int java.lang.invoke.DirectMethodHandle$Holder.invokeSpecial(java.lang.Object, java.lang.Object, int)'> (0x00000000894e0100) 
thrown [s\open\src\hotspot\share\interpreter\linkResolver.cpp, line 766]
Event: 1.162 Thread 0x000001b6b76eac20 Exception <a 'java/lang/NoSuchMethodError'{0x0000000089366478}: 'java.lang.Object java.lang.invoke.DirectMethodHandle$Holder.newInvokeSpecial(java.lang.Object, java.lang.Object, int)'> (0x0000000089366478) 
thrown [s\open\src\hotspot\share\interpreter\linkResolver.cpp, line 766]
Event: 1.194 Thread 0x000001b6b741adb0 Exception <a 'java/lang/NoSuchMethodError'{0x000000008925ae38}: 'int java.lang.invoke.DirectMethodHandle$Holder.invokeStaticInit(java.lang.Object, java.lang.Object)'> (0x000000008925ae38) 
thrown [s\open\src\hotspot\share\interpreter\linkResolver.cpp, line 766]
Event: 3.505 Thread 0x000001b6b76eac20 Exception <a 'java/lang/NoSuchMethodError'{0x0000000088d49010}: 'long java.lang.invoke.DirectMethodHandle$Holder.invokeStatic(java.lang.Object, java.lang.Object, java.lang.Object)'> (0x0000000088d49010) 
thrown [s\open\src\hotspot\share\interpreter\linkResolver.cpp, line 766]
Event: 3.505 Thread 0x000001b6b76eac20 Exception <a 'java/lang/NoSuchMethodError'{0x0000000088d4c7b0}: 'long java.lang.invoke.DirectMethodHandle$Holder.invokeStaticInit(java.lang.Object, java.lang.Object, java.lang.Object)'> (0x0000000088d4c7b0) 
thrown [s\open\src\hotspot\share\interpreter\linkResolver.cpp, line 766]
Event: 3.509 Thread 0x000001b6b76eac20 Exception <a 'java/lang/NoSuchMethodError'{0x0000000088d64df8}: 'java.lang.Object java.lang.invoke.DirectMethodHandle$Holder.newInvokeSpecial(java.lang.Object, java.lang.Object, long)'> (0x0000000088d64df8) 
thrown [s\open\src\hotspot\share\interpreter\linkResolver.cpp, line 766]
Event: 3.510 Thread 0x000001b6b76eac20 Exception <a 'java/lang/NoSuchMethodError'{0x0000000088d68970}: 'java.lang.Object java.lang.invoke.Invokers$Holder.linkToTargetMethod(java.lang.Object, long, java.lang.Object)'> (0x0000000088d68970) 
thrown [s\open\src\hotspot\share\interpreter\linkResolver.cpp, line 766]
Event: 23.527 Thread 0x000001b6b76eac20 Exception <a 'java/lang/ClassNotFoundException'{0x0000000088977a68}: com/sun/javafx/scene/control/skin/resources/controls> (0x0000000088977a68) 
thrown [s\open\src\hotspot\share\prims\jni.cpp, line 535]
Event: 23.529 Thread 0x000001b6b76eac20 Exception <a 'java/lang/ClassNotFoundException'{0x0000000088986a00}: com/sun/javafx/scene/control/skin/resources/controls_ru> (0x0000000088986a00) 
thrown [s\open\src\hotspot\share\prims\jni.cpp, line 535]
Event: 23.529 Thread 0x000001b6b76eac20 Exception <a 'java/lang/ClassNotFoundException'{0x0000000088988ca0}: com/sun/javafx/scene/control/skin/resources/controls_ru_RU> (0x0000000088988ca0) 
thrown [s\open\src\hotspot\share\prims\jni.cpp, line 535]
Event: 23.570 Thread 0x000001b6b76eac20 Exception <a 'java/lang/NoSuchMethodError'{0x0000000088702098}: 'void java.lang.invoke.DirectMethodHandle$Holder.invokeSpecial(java.lang.Object, java.lang.Object, java.lang.Object, java.lang.Object, java.lang.Object, java.lang.Object)'> (0x0000000088702098) 
thrown [s\open\src\hotspot\share\interpreter\linkResolver.cpp, line 766]

VM Operations (20 events):
Event: 23.562 Executing VM operation: HandshakeAllThreads done
Event: 23.564 Executing VM operation: HandshakeAllThreads
Event: 23.564 Executing VM operation: HandshakeAllThreads done
Event: 23.567 Executing VM operation: HandshakeAllThreads
Event: 23.567 Executing VM operation: HandshakeAllThreads done
Event: 23.568 Executing VM operation: HandshakeAllThreads
Event: 23.568 Executing VM operation: HandshakeAllThreads done
Event: 23.594 Executing VM operation: G1CollectForAllocation
Event: 23.601 Executing VM operation: G1CollectForAllocation done
Event: 25.601 Executing VM operation: Cleanup
Event: 25.602 Executing VM operation: Cleanup done
Event: 27.603 Executing VM operation: Cleanup
Event: 27.604 Executing VM operation: Cleanup done
Event: 31.605 Executing VM operation: Cleanup
Event: 31.605 Executing VM operation: Cleanup done
Event: 32.605 Executing VM operation: Cleanup
Event: 32.606 Executing VM operation: Cleanup done
Event: 33.607 Executing VM operation: Cleanup
Event: 33.607 Executing VM operation: Cleanup done
Event: 35.856 Executing VM operation: Exit

Events (20 events):
Event: 0.422 Loaded shared library C:\Users\Home\.openjfx\cache\18-ea\msvcp140.dll
Event: 0.452 Thread 0x000001b6b741adb0 Thread added: 0x000001b6b741adb0
Event: 0.460 Loaded shared library C:\Users\Home\.openjfx\cache\18-ea\prism_d3d.dll
Event: 0.503 Loaded shared library C:\Users\Home\.openjfx\cache\18-ea\glass.dll
Event: 0.506 Thread 0x000001b6b76e1c40 Thread added: 0x000001b6b76e1c40
Event: 0.511 Thread 0x000001b6b76eac20 Thread added: 0x000001b6b76eac20
Event: 0.589 Thread 0x000001b6b7733420 Thread added: 0x000001b6b7733420
Event: 0.597 Thread 0x000001b6b84fc4c0 Thread added: 0x000001b6b84fc4c0
Event: 0.632 Loaded shared library C:\Java\IDE\JDK-18\bin\jimage.dll
Event: 0.776 Loaded shared library C:\Users\Home\.openjfx\cache\18-ea\javafx_font.dll
Event: 1.075 Thread 0x000001b6b86e97e0 Thread added: 0x000001b6b86e97e0
Event: 2.477 Thread 0x000001b6b6d7d280 Thread exited: 0x000001b6b6d7d280
Event: 2.778 Thread 0x000001b6b6ca6e10 Thread exited: 0x000001b6b6ca6e10
Event: 23.557 Thread 0x000001b6b8c53e50 Thread added: 0x000001b6b8c53e50
Event: 24.575 Thread 0x000001b6b8c53e50 Thread exited: 0x000001b6b8c53e50
Event: 25.470 Thread 0x000001b6b86ea650 Thread added: 0x000001b6b86ea650
Event: 35.852 Thread 0x000001b6b86e7630 Thread added: 0x000001b6b86e7630
Event: 35.852 Thread 0x000001b6b86e84a0 Thread added: 0x000001b6b86e84a0
Event: 35.853 Thread 0x000001b6b86e7630 Thread exited: 0x000001b6b86e7630
Event: 35.856 Thread 0x000001b6b86e84a0 Thread exited: 0x000001b6b86e84a0


Dynamic libraries:
0x00007ff677ab0000 - 0x00007ff677ac0000 	C:\Java\IDE\JDK-18\bin\java.exe
0x00007ffc3c200000 - 0x00007ffc3c409000 	C:\WINDOWS\SYSTEM32\ntdll.dll
0x00007ffc3b8d0000 - 0x00007ffc3b98d000 	C:\WINDOWS\System32\KERNEL32.DLL
0x00007ffc396f0000 - 0x00007ffc39a64000 	C:\WINDOWS\System32\KERNELBASE.dll
0x00007ffc39f80000 - 0x00007ffc3a091000 	C:\WINDOWS\System32\ucrtbase.dll
0x00007ffc24950000 - 0x00007ffc2496a000 	C:\Java\IDE\JDK-18\bin\VCRUNTIME140.dll
0x00007ffc2c1f0000 - 0x00007ffc2c208000 	C:\Java\IDE\JDK-18\bin\jli.dll
0x00007ffc3af10000 - 0x00007ffc3afbe000 	C:\WINDOWS\System32\ADVAPI32.dll
0x00007ffc3b820000 - 0x00007ffc3b8c3000 	C:\WINDOWS\System32\msvcrt.dll
0x00007ffc3bfe0000 - 0x00007ffc3c07e000 	C:\WINDOWS\System32\sechost.dll
0x00007ffc3b1c0000 - 0x00007ffc3b2e0000 	C:\WINDOWS\System32\RPCRT4.dll
0x00007ffc3b2e0000 - 0x00007ffc3b48c000 	C:\WINDOWS\System32\USER32.dll
0x00007ffc24080000 - 0x00007ffc24325000 	C:\WINDOWS\WinSxS\amd64_microsoft.windows.common-controls_6595b64144ccf1df_6.0.22000.120_none_9d947278b86cc467\COMCTL32.dll
0x00007ffc39a70000 - 0x00007ffc39a96000 	C:\WINDOWS\System32\win32u.dll
0x00007ffc3be00000 - 0x00007ffc3be29000 	C:\WINDOWS\System32\GDI32.dll
0x00007ffc39da0000 - 0x00007ffc39eb2000 	C:\WINDOWS\System32\gdi32full.dll
0x00007ffc39aa0000 - 0x00007ffc39b3d000 	C:\WINDOWS\System32\msvcp_win.dll
0x00007ffc31c70000 - 0x00007ffc31c7a000 	C:\WINDOWS\SYSTEM32\VERSION.dll
0x00007ffc3b020000 - 0x00007ffc3b051000 	C:\WINDOWS\System32\IMM32.DLL
0x00007ffc2f1d0000 - 0x00007ffc2f1dc000 	C:\Java\IDE\JDK-18\bin\vcruntime140_1.dll
0x00007ffc190b0000 - 0x00007ffc1913d000 	C:\Java\IDE\JDK-18\bin\msvcp140.dll
0x00007ffbc6ed0000 - 0x00007ffbc7ae0000 	C:\Java\IDE\JDK-18\bin\server\jvm.dll
0x00007ffc3b490000 - 0x00007ffc3b498000 	C:\WINDOWS\System32\PSAPI.DLL
0x00007ffc31c90000 - 0x00007ffc31c99000 	C:\WINDOWS\SYSTEM32\WSOCK32.dll
0x00007ffc24530000 - 0x00007ffc24563000 	C:\WINDOWS\SYSTEM32\WINMM.dll
0x00007ffc3c080000 - 0x00007ffc3c0ef000 	C:\WINDOWS\System32\WS2_32.dll
0x00007ffc387f0000 - 0x00007ffc38808000 	C:\WINDOWS\SYSTEM32\kernel.appcore.dll
0x00007ffc27a90000 - 0x00007ffc27a9a000 	C:\Java\IDE\JDK-18\bin\jimage.dll
0x00007ffc33f50000 - 0x00007ffc34171000 	C:\WINDOWS\SYSTEM32\DBGHELP.DLL
0x00007ffc300a0000 - 0x00007ffc300d1000 	C:\WINDOWS\SYSTEM32\dbgcore.DLL
0x00007ffc39bb0000 - 0x00007ffc39c2f000 	C:\WINDOWS\System32\bcryptPrimitives.dll
0x00007ffc24b70000 - 0x00007ffc24b7e000 	C:\Java\IDE\JDK-18\bin\instrument.dll
0x00007ffc24920000 - 0x00007ffc24945000 	C:\Java\IDE\JDK-18\bin\java.dll
0x00007ffc18fd0000 - 0x00007ffc190a6000 	C:\Java\IDE\JDK-18\bin\jsvml.dll
0x00007ffc3a4b0000 - 0x00007ffc3ac5f000 	C:\WINDOWS\System32\SHELL32.dll
0x00007ffc37860000 - 0x00007ffc380c8000 	C:\WINDOWS\SYSTEM32\windows.storage.dll
0x00007ffc3b4a0000 - 0x00007ffc3b818000 	C:\WINDOWS\System32\combase.dll
0x00007ffc376f0000 - 0x00007ffc37856000 	C:\WINDOWS\SYSTEM32\wintypes.dll
0x00007ffc3a1f0000 - 0x00007ffc3a2da000 	C:\WINDOWS\System32\SHCORE.dll
0x00007ffc3afc0000 - 0x00007ffc3b01d000 	C:\WINDOWS\System32\shlwapi.dll
0x00007ffc39620000 - 0x00007ffc39641000 	C:\WINDOWS\SYSTEM32\profapi.dll
0x00007ffc248d0000 - 0x00007ffc248e3000 	C:\Java\IDE\JDK-18\bin\net.dll
0x00007ffc327a0000 - 0x00007ffc328ac000 	C:\WINDOWS\SYSTEM32\WINHTTP.dll
0x00007ffc38c20000 - 0x00007ffc38c87000 	C:\WINDOWS\system32\mswsock.dll
0x00007ffc24690000 - 0x00007ffc246a6000 	C:\Java\IDE\JDK-18\bin\nio.dll
0x00007ffc24380000 - 0x00007ffc24398000 	C:\Java\IDE\JDK-18\bin\zip.dll
0x00007ffc24360000 - 0x00007ffc2437a000 	C:\Java\IDE\IntelliJ IDEA Community Edition 2021.2.3\bin\breakgen64.dll
0x000001b692690000 - 0x000001b692693000 	C:\Users\Home\.openjfx\cache\18-ea\api-ms-win-core-console-l1-1-0.dll
0x000001b6926a0000 - 0x000001b6926a3000 	C:\Users\Home\.openjfx\cache\18-ea\api-ms-win-core-console-l1-2-0.dll
0x000001b694620000 - 0x000001b694623000 	C:\Users\Home\.openjfx\cache\18-ea\api-ms-win-core-datetime-l1-1-0.dll
0x000001b694630000 - 0x000001b694633000 	C:\Users\Home\.openjfx\cache\18-ea\api-ms-win-core-debug-l1-1-0.dll
0x000001b694640000 - 0x000001b694643000 	C:\Users\Home\.openjfx\cache\18-ea\api-ms-win-core-errorhandling-l1-1-0.dll
0x000001b694650000 - 0x000001b694654000 	C:\Users\Home\.openjfx\cache\18-ea\api-ms-win-core-file-l1-1-0.dll
0x000001b6b2920000 - 0x000001b6b2923000 	C:\Users\Home\.openjfx\cache\18-ea\api-ms-win-core-file-l1-2-0.dll
0x000001b6b2930000 - 0x000001b6b2933000 	C:\Users\Home\.openjfx\cache\18-ea\api-ms-win-core-file-l2-1-0.dll
0x000001b6b2940000 - 0x000001b6b2943000 	C:\Users\Home\.openjfx\cache\18-ea\api-ms-win-core-handle-l1-1-0.dll
0x000001b6b2950000 - 0x000001b6b2953000 	C:\Users\Home\.openjfx\cache\18-ea\api-ms-win-core-heap-l1-1-0.dll
0x000001b6b2960000 - 0x000001b6b2963000 	C:\Users\Home\.openjfx\cache\18-ea\api-ms-win-core-interlocked-l1-1-0.dll
0x000001b6b2970000 - 0x000001b6b2973000 	C:\Users\Home\.openjfx\cache\18-ea\api-ms-win-core-libraryloader-l1-1-0.dll
0x000001b6b2980000 - 0x000001b6b2983000 	C:\Users\Home\.openjfx\cache\18-ea\api-ms-win-core-localization-l1-2-0.dll
0x000001b6b2990000 - 0x000001b6b2993000 	C:\Users\Home\.openjfx\cache\18-ea\api-ms-win-core-memory-l1-1-0.dll
0x000001b6b29a0000 - 0x000001b6b29a3000 	C:\Users\Home\.openjfx\cache\18-ea\api-ms-win-core-namedpipe-l1-1-0.dll
0x000001b6b29b0000 - 0x000001b6b29b3000 	C:\Users\Home\.openjfx\cache\18-ea\api-ms-win-core-processenvironment-l1-1-0.dll
0x000001b6b29c0000 - 0x000001b6b29c3000 	C:\Users\Home\.openjfx\cache\18-ea\api-ms-win-core-processthreads-l1-1-0.dll
0x000001b6b29d0000 - 0x000001b6b29d3000 	C:\Users\Home\.openjfx\cache\18-ea\api-ms-win-core-processthreads-l1-1-1.dll
0x000001b6b29e0000 - 0x000001b6b29e3000 	C:\Users\Home\.openjfx\cache\18-ea\api-ms-win-core-profile-l1-1-0.dll
0x000001b6b29f0000 - 0x000001b6b29f3000 	C:\Users\Home\.openjfx\cache\18-ea\api-ms-win-core-rtlsupport-l1-1-0.dll
0x000001b6b2a00000 - 0x000001b6b2a03000 	C:\Users\Home\.openjfx\cache\18-ea\api-ms-win-core-string-l1-1-0.dll
0x000001b6b2a10000 - 0x000001b6b2a13000 	C:\Users\Home\.openjfx\cache\18-ea\api-ms-win-core-synch-l1-1-0.dll
0x000001b6b2a20000 - 0x000001b6b2a23000 	C:\Users\Home\.openjfx\cache\18-ea\api-ms-win-core-synch-l1-2-0.dll
0x000001b6b2a30000 - 0x000001b6b2a33000 	C:\Users\Home\.openjfx\cache\18-ea\api-ms-win-core-sysinfo-l1-1-0.dll
0x000001b6b2a40000 - 0x000001b6b2a43000 	C:\Users\Home\.openjfx\cache\18-ea\api-ms-win-core-timezone-l1-1-0.dll
0x000001b6b2a50000 - 0x000001b6b2a53000 	C:\Users\Home\.openjfx\cache\18-ea\api-ms-win-core-util-l1-1-0.dll
0x000001b6b2a60000 - 0x000001b6b2a63000 	C:\Users\Home\.openjfx\cache\18-ea\api-ms-win-crt-conio-l1-1-0.dll
0x000001b6b2a70000 - 0x000001b6b2a74000 	C:\Users\Home\.openjfx\cache\18-ea\api-ms-win-crt-convert-l1-1-0.dll
0x000001b6b2a80000 - 0x000001b6b2a83000 	C:\Users\Home\.openjfx\cache\18-ea\api-ms-win-crt-environment-l1-1-0.dll
0x000001b6b2a90000 - 0x000001b6b2a93000 	C:\Users\Home\.openjfx\cache\18-ea\api-ms-win-crt-filesystem-l1-1-0.dll
0x000001b6b2aa0000 - 0x000001b6b2aa3000 	C:\Users\Home\.openjfx\cache\18-ea\api-ms-win-crt-heap-l1-1-0.dll
0x000001b6b2ab0000 - 0x000001b6b2ab3000 	C:\Users\Home\.openjfx\cache\18-ea\api-ms-win-crt-locale-l1-1-0.dll
0x000001b6b2ac0000 - 0x000001b6b2ac5000 	C:\Users\Home\.openjfx\cache\18-ea\api-ms-win-crt-math-l1-1-0.dll
0x000001b6b2ad0000 - 0x000001b6b2ad5000 	C:\Users\Home\.openjfx\cache\18-ea\api-ms-win-crt-multibyte-l1-1-0.dll
0x000001b6b2ae0000 - 0x000001b6b2af0000 	C:\Users\Home\.openjfx\cache\18-ea\api-ms-win-crt-private-l1-1-0.dll
0x000001b6b2af0000 - 0x000001b6b2af3000 	C:\Users\Home\.openjfx\cache\18-ea\api-ms-win-crt-process-l1-1-0.dll
0x000001b6b2b00000 - 0x000001b6b2b04000 	C:\Users\Home\.openjfx\cache\18-ea\api-ms-win-crt-runtime-l1-1-0.dll
0x000001b6b2b10000 - 0x000001b6b2b14000 	C:\Users\Home\.openjfx\cache\18-ea\api-ms-win-crt-stdio-l1-1-0.dll
0x000001b6b2b20000 - 0x000001b6b2b24000 	C:\Users\Home\.openjfx\cache\18-ea\api-ms-win-crt-string-l1-1-0.dll
0x000001b6b2b30000 - 0x000001b6b2b33000 	C:\Users\Home\.openjfx\cache\18-ea\api-ms-win-crt-time-l1-1-0.dll
0x000001b6b2b40000 - 0x000001b6b2b43000 	C:\Users\Home\.openjfx\cache\18-ea\api-ms-win-crt-utility-l1-1-0.dll
0x00007ffc0e3a0000 - 0x00007ffc0e49c000 	C:\Users\Home\.openjfx\cache\18-ea\ucrtbase.dll
0x00007ffc23bc0000 - 0x00007ffc23bda000 	C:\Users\Home\.openjfx\cache\18-ea\vcruntime140.dll
0x00007ffc23db0000 - 0x00007ffc23dbc000 	C:\Users\Home\.openjfx\cache\18-ea\vcruntime140_1.dll
0x00007ffc0f590000 - 0x00007ffc0f61d000 	C:\Users\Home\.openjfx\cache\18-ea\msvcp140.dll
0x00007ffc23b90000 - 0x00007ffc23bba000 	C:\Users\Home\.openjfx\cache\18-ea\prism_d3d.dll
0x00007ffc27180000 - 0x00007ffc27326000 	C:\WINDOWS\system32\d3d9.dll
0x00007ffc33c50000 - 0x00007ffc33c7f000 	C:\WINDOWS\SYSTEM32\dwmapi.dll
0x00007ffc33ad0000 - 0x00007ffc33b08000 	C:\WINDOWS\SYSTEM32\dxcore.dll
0x00007ffc33850000 - 0x00007ffc338fc000 	C:\WINDOWS\system32\uxtheme.dll
0x00007ffbf62f0000 - 0x00007ffbf6455000 	C:\WINDOWS\System32\DriverStore\FileRepository\iigd_dch.inf_amd64_b547612cbf9ae8be\igdumdim64.dll
0x00007ffc3be30000 - 0x00007ffc3bfca000 	C:\WINDOWS\System32\ole32.dll
0x00007ffbab280000 - 0x00007ffbafa7d000 	C:\WINDOWS\System32\DriverStore\FileRepository\iigd_dch.inf_amd64_b547612cbf9ae8be\igd9dxva64.dll
0x00007ffc3ac60000 - 0x00007ffc3ad36000 	C:\WINDOWS\System32\OLEAUT32.dll
0x00007ffc3b990000 - 0x00007ffc3bdfc000 	C:\WINDOWS\System32\SETUPAPI.dll
0x00007ffc39370000 - 0x00007ffc393bc000 	C:\WINDOWS\SYSTEM32\cfgmgr32.dll
0x00007ffc13760000 - 0x00007ffc139b7000 	C:\WINDOWS\System32\DriverStore\FileRepository\iigd_dch.inf_amd64_b547612cbf9ae8be\igdgmm64.dll
0x00007ffc2bd20000 - 0x00007ffc2bd64000 	C:\WINDOWS\SYSTEM32\directxdatabasehelper.dll
0x00007ffc33c80000 - 0x00007ffc33cb4000 	C:\WINDOWS\SYSTEM32\ntmarta.dll
0x00007ffc18e50000 - 0x00007ffc18e92000 	C:\Users\Home\.openjfx\cache\18-ea\glass.dll
0x00007ffc3a100000 - 0x00007ffc3a1ec000 	C:\WINDOWS\System32\COMDLG32.dll
0x00007ffc3a370000 - 0x00007ffc3a48e000 	C:\WINDOWS\System32\MSCTF.dll
0x00007ffbd2850000 - 0x00007ffbd2877000 	C:\WINDOWS\System32\DriverStore\FileRepository\iigd_dch.inf_amd64_b547612cbf9ae8be\igdinfo64.dll
0x00007ffc108e0000 - 0x00007ffc134f9000 	C:\WINDOWS\System32\DriverStore\FileRepository\iigd_dch.inf_amd64_b547612cbf9ae8be\igc64.dll
0x00007ffc238b0000 - 0x00007ffc238c4000 	C:\Users\Home\.openjfx\cache\18-ea\javafx_font.dll
0x00007ffc13500000 - 0x00007ffc1375f000 	C:\WINDOWS\SYSTEM32\dwrite.dll
0x00007ffc3b060000 - 0x00007ffc3b10f000 	C:\WINDOWS\System32\clbcatq.dll
0x00007ffc33660000 - 0x00007ffc3380e000 	C:\WINDOWS\SYSTEM32\WindowsCodecs.dll
0x00007ffc27af0000 - 0x00007ffc27b4d000 	C:\WINDOWS\system32\dataexchange.dll
0x00007ffc1ed70000 - 0x00007ffc1efd6000 	C:\WINDOWS\system32\twinapi.appcore.dll
0x00007ffc23dc0000 - 0x00007ffc23df2000 	C:\Program Files\Common Files\Microsoft Shared\Ink\rtscom.dll
0x00007ffc105e0000 - 0x00007ffc1070d000 	C:\WINDOWS\SYSTEM32\textinputframework.dll
0x00007ffc30fd0000 - 0x00007ffc31102000 	C:\WINDOWS\SYSTEM32\CoreMessaging.dll
0x00007ffc177a0000 - 0x00007ffc17b0d000 	C:\WINDOWS\SYSTEM32\CoreUIComponents.dll
0x00007ffc38e80000 - 0x00007ffc38e8c000 	C:\WINDOWS\SYSTEM32\CRYPTBASE.DLL

dbghelp: loaded successfully - version: 4.0.5 - missing functions: none
symbol engine: initialized successfully - sym options: 0x614 - pdb path: .;C:\Java\IDE\JDK-18\bin;C:\WINDOWS\SYSTEM32;C:\WINDOWS\WinSxS\amd64_microsoft.windows.common-controls_6595b64144ccf1df_6.0.22000.120_none_9d947278b86cc467;C:\Java\IDE\JDK-18\bin\server;C:\Java\IDE\IntelliJ IDEA Community Edition 2021.2.3\bin;C:\Users\Home\.openjfx\cache\18-ea;C:\WINDOWS\System32\DriverStore\FileRepository\iigd_dch.inf_amd64_b547612cbf9ae8be;C:\Program Files\Common Files\Microsoft Shared\Ink

VM Arguments:
jvm_args: -javaagent:C:\Java\IDE\IntelliJ IDEA Community Edition 2021.2.3\lib\idea_rt.jar=49800:C:\Java\IDE\IntelliJ IDEA Community Edition 2021.2.3\bin -Dfile.encoding=UTF-8 --module-path=C:\Java\Education\PetProjects\CryptoFX\target\classes;C:\Users\Home\.m2\repository\org\openjfx\javafx-base\18-ea+2\javafx-base-18-ea+2-win.jar;C:\Users\Home\.m2\repository\org\openjfx\javafx-controls\18-ea+2\javafx-controls-18-ea+2-win.jar;C:\Users\Home\.m2\repository\org\openjfx\javafx-graphics\18-ea+2\javafx-graphics-18-ea+2-win.jar;C:\Users\Home\.m2\repository\org\openjfx\javafx-fxml\18-ea+2\javafx-fxml-18-ea+2-win.jar -Djdk.module.main=com.example.cryptofx 
java_command: com.example.cryptofx/com.example.cryptofx.HelloApplication
java_class_path (initial): C:\Users\Home\.m2\repository\org\openjfx\javafx-controls\18-ea+2\javafx-controls-18-ea+2.jar;C:\Users\Home\.m2\repository\org\openjfx\javafx-graphics\18-ea+2\javafx-graphics-18-ea+2.jar;C:\Users\Home\.m2\repository\org\openjfx\javafx-base\18-ea+2\javafx-base-18-ea+2.jar;C:\Users\Home\.m2\repository\org\openjfx\javafx-fxml\18-ea+2\javafx-fxml-18-ea+2.jar
Launcher Type: SUN_STANDARD

[Global flags]
     intx CICompilerCount                          = 4                                         {product} {ergonomic}
     uint ConcGCThreads                            = 2                                         {product} {ergonomic}
     uint G1ConcRefinementThreads                  = 8                                         {product} {ergonomic}
   size_t G1HeapRegionSize                         = 1048576                                   {product} {ergonomic}
    uintx GCDrainStackTargetSize                   = 64                                        {product} {ergonomic}
   size_t InitialHeapSize                          = 132120576                                 {product} {ergonomic}
   size_t MarkStackSize                            = 4194304                                   {product} {ergonomic}
   size_t MaxHeapSize                              = 2103443456                                {product} {ergonomic}
   size_t MaxNewSize                               = 1261436928                                {product} {ergonomic}
   size_t MinHeapDeltaBytes                        = 1048576                                   {product} {ergonomic}
   size_t MinHeapSize                              = 8388608                                   {product} {ergonomic}
    uintx NonNMethodCodeHeapSize                   = 5839372                                {pd product} {ergonomic}
    uintx NonProfiledCodeHeapSize                  = 122909434                              {pd product} {ergonomic}
    uintx ProfiledCodeHeapSize                     = 122909434                              {pd product} {ergonomic}
    uintx ReservedCodeCacheSize                    = 251658240                              {pd product} {ergonomic}
     bool SegmentedCodeCache                       = true                                      {product} {ergonomic}
   size_t SoftMaxHeapSize                          = 2103443456                             {manageable} {ergonomic}
     bool UseCompressedClassPointers               = true                           {product lp64_product} {ergonomic}
     bool UseCompressedOops                        = true                           {product lp64_product} {ergonomic}
     bool UseG1GC                                  = true                                      {product} {ergonomic}
     bool UseLargePagesIndividualAllocation        = false                                  {pd product} {ergonomic}

Logging:
Log output configuration:
 #0: stdout all=off uptime,level,tags foldmultilines=false
 #1: stderr all=off uptime,level,tags foldmultilines=false

Environment Variables:
PATH=C:\Program Files\Common Files\Oracle\Java\javapath;C:\WINDOWS\system32;C:\WINDOWS;C:\WINDOWS\System32\Wbem;C:\WINDOWS\System32\WindowsPowerShell\v1.0\;C:\WINDOWS\System32\OpenSSH\;C:\GIT\Git\cmd;C:\Users\Home\AppData\Local\Microsoft\WindowsApps;
USERNAME=Home
OS=Windows_NT
PROCESSOR_IDENTIFIER=Intel64 Family 6 Model 142 Stepping 12, GenuineIntel



---------------  S Y S T E M  ---------------

OS:
 Windows 11 , 64 bit Build 22000 (10.0.22000.613)
OS uptime: 16 days 5:45 hours

CPU: total 8 (initial active 8) (4 cores per cpu, 2 threads per core) family 6 model 142 stepping 12 microcode 0xde, cx8, cmov, fxsr, ht, mmx, 3dnowpref, sse, sse2, sse3, ssse3, sse4.1, sse4.2, popcnt, lzcnt, tsc, tscinvbit, avx, avx2, aes, erms, clmul, bmi1, bmi2, adx, fma, vzeroupper, clflush, clflushopt

Memory: 4k page, system-wide physical 8022M (1071M free)
TotalPageFile size 15702M (AvailPageFile size 2608M)
current process WorkingSet (physical memory assigned to process): 166M, peak: 174M
current process commit charge ("private bytes"): 291M, peak: 301M

vm_info: Java HotSpot(TM) 64-Bit Server VM (18.0.1+10-24) for windows-amd64 JRE (18.0.1+10-24), built on Mar  9 2022 22:41:56 by "mach5one" with MS VC++ 16.8 / 16.9 (VS2019)

END.
